0
/home/dyodlm
/home/dyodlmdyodlm
/home/dyodlmdyodlm$
de
asdde
asdde

asdde
c
asdde
HOMEdyodlm
HOMEdyodlm
'HOM'Edyodlm
HOMEdyodlm
HOME
HOME
$
$
$=
$$
$
42$
$$
$
$$
$ 
$ 

/home/dyodlm
/home/dyodlm
/home/dyodlm$
/home/dyodlm/ZONE/42_cursus/minishell/42_minishell/test/random_folder
0
 0 
042
042
HELLO0:42
0
$?
'0'
"$?"
/home/dyodlm/ZONE/42_cursus/minishell/42_minishell/test
/home/dyodlm/ZONE/42_cursus/minishell/42_minishell/test/tmp_test_folder
/home/dyodlm/ZONE/42_cursus/minishell/42_minishell/test
/home/dyodlm/ZONE/42_cursus/minishell/42_minishell/test
/home/dyodlm/ZONE/42_cursus/minishell/42_minishell/test/tmp_test folder
/home/dyodlm/ZONE/42_cursus/minishell/42_minishell/test
42
42 42
42 42
1 A B 2
1 A B 2
1A B 2
1 A B 2
1 A B2
1 A B 2
1 AB 2
A B 2
A B 1
12
1 2
1 2
? A B 2
1 A B ?
1?
