0
042
042
"$USER"
'dyodlm'
$USER
"dyodlm"
''dyodlm''
'$USER'
"dyodlm"
HOMEdyodlm
HOMEdyodlm
exit_code ->0 user ->dyodlm home -> /home/dyodlm
HOME
42$
$ 
$=
$ 
0
$?
'0'
cat lol.c | cat > lol.c
cat lol.c '|' cat > lol.c
$USER dyodlm text  ' text
dyodlm =intergalaktikus miaf*szomez
-n-n bonjour
'dyodlm'
 'dyodlm' 
textdyodlm
text'dyodlm'  $USER 
text dyodlm dyodlm
              $USER          
dyodlm
dyodlm
""""""""$USER""""""""
""""""$USER""""""
$USER
'dyodlm'
""$USER""
""dyodlm""
""""""$USER""""""
dyodlm$USERtext oui oui oui oui dyodlm oui dyodlm 
text textdyodlm ... dyodlm



 
/bin/echo
test1
test1
/bin/echo hallo
/bin/echo1
test1 test2
test1  test2 test3
 test1 test2  test3 
test1 test2
dyodlm/home/dyodlm$
dyodlm/home/dyodlm/home/dyodlm/ZONE/42_cursus/minishell/42_minishell
dyodlm/home/dyodlm$
dyodlm/home/dyodlm/home/dyodlm/ZONE/42_cursus/minishell/42_minishell
test1test1 test2test1 test2 test3 test1 test2  test3 test1 test2test1 -n
test1 -n
test1test1  -nn 
-n test1 -n test2
test1 -n test2
~42
-nasd-n-nnnnn-n-nfeel my pain-n-n'totally logical'
totally logical
totally logical
totally logical
