==13220== Memcheck, a memory error detector
==13220== Copyright (C) 2002-2022, and GNU GPL'd, by Julian Seward et al.
==13220== Using Valgrind-3.22.0 and LibVEX; rerun with -h for copyright info
==13220== Command: ./minishell test/wild.sh
==13220== Parent PID: 10499
==13220== 
==13220== 
==13220== FILE DESCRIPTORS: 4 open (3 std) at exit.
==13220== Open file descriptor 3: /home/dyodlm/ZONE/42_cursus/minishell/42_minishell/log/leaks.log
==13220==    <inherited from parent>
==13220== 
==13220== 
==13220== HEAP SUMMARY:
==13220==     in use at exit: 0 bytes in 0 blocks
==13220==   total heap usage: 665 allocs, 665 frees, 550,601 bytes allocated
==13220== 
==13220== All heap blocks were freed -- no leaks are possible
==13220== 
==13220== For lists of detected and suppressed errors, rerun with: -s
==13220== ERROR SUMMARY: 0 errors from 0 contexts (suppressed: 0 from 0)
