bin
games
include
lib
lib64
libexec
local
lost+found
sbin
share
src
bin
games
include
lib
lib64
libexec
local
lost+found
sbin
share
src
adduser.conf
alsa
alternatives
anacrontab
apache2
apg.conf
apm
apparmor
apparmor.d
apport
apt
avahi
bash.bashrc
bash_completion
bash_completion.d
bindresvport.blacklist
binfmt.d
bluetooth
brlapi.key
brltty
brltty.conf
ca-certificates
ca-certificates.conf
chatscripts
chktexrc
cloud
colord
console-setup
cracklib
credstore
credstore.encrypted
cron.d
cron.daily
cron.hourly
cron.monthly
crontab
cron.weekly
cron.yearly
cups
cupshelpers
dbus-1
dconf
debconf.conf
debian_version
debuginfod
default
deluser.conf
depmod.d
dhcp
dhcpcd.conf
dictionaries-common
dkms
dpkg
e2scrub.conf
emacs
environment
environment.d
ethertypes
firebird
fonts
fprintd.conf
fstab
fuse.conf
fwupd
gai.conf
gdb
gdm3
geoclue
ghostscript
glvnd
gnome
gnome-remote-desktop
gnutls
gprofng.rc
groff
group
group-
grub.d
gshadow
gshadow-
gss
gtk-2.0
gtk-3.0
hdparm.conf
host.conf
hostname
hosts
hosts.allow
hosts.deny
hp
ifplugd
ImageMagick-6
init
init.d
initramfs-tools
inputrc
insserv.conf.d
ipp-usb
iproute2
issue
issue.net
java-21-openjdk
kernel
kerneloops.conf
krb5.conf.d
LatexMk
ldap
ld.so.cache
ld.so.conf
ld.so.conf.d
legal
libao.conf
libaudit.conf
libblockdev
libibverbs.d
libnl-3
libpaper.d
libreoffice
lighttpd
locale.alias
locale.conf
locale.gen
localtime
logcheck
login.defs
logrotate.conf
logrotate.d
lsb-release
machine-id
magic
magic.mime
manpath.config
mime.types
mke2fs.conf
ModemManager
modprobe.d
modules
modules-load.d
mtab
mysql
nanorc
netconfig
netplan
network
networkd-dispatcher
NetworkManager
networks
newt
nftables.conf
nginx
nsswitch.conf
openvpn
opt
os-release
PackageKit
pam.conf
pam.d
papersize
passwd
passwd-
pcmcia
perl
pki
plymouth
pm
pnm2ppa.conf
polkit-1
ppp
printcap
profile
profile.d
protocols
pulse
python3
python3.12
rc0.d
rc1.d
rc2.d
rc3.d
rc4.d
rc5.d
rc6.d
rcS.d
resolv.conf
rmt
rpc
rsyslog.conf
rsyslog.d
rygel.conf
sane.d
screenrc
security
selinux
sensors3.conf
sensors.d
services
sgml
shadow
shadow-
shells
skel
snmp
speech-dispatcher
ssh
ssl
sssd
subgid
subgid-
subuid
subuid-
sudo.conf
sudoers
sudoers.d
sudo_logsrvd.conf
supercat
sysctl.conf
sysctl.d
sysstat
systemd
terminfo
texmf
thermald
timezone
tmpfiles.d
ubuntu-advantage
ucf.conf
udev
udisks2
ufw
update-manager
update-motd.d
update-notifier
UPower
usb_modeswitch.conf
usb_modeswitch.d
vconsole.conf
vim
vtrgb
vulkan
wgetrc
wpa_supplicant
X11
xattr.conf
xdg
xml
zsh_command_not_found
bin
games
include
lib
lib64
libexec
local
lost+found
sbin
share
src
var in subshell = 'TOTO'
var out subshell = ''
var = 'TOTO'
