
===================
VAR DQUOTE
dyodlm
dyodlm haha
dyodlm!haha
dyodlm#haha
dyodlm
dyodlm%haha
dyodlm&haha
dyodlm'haha
dyodlm(haha
dyodlm)haha
dyodlm*haha
dyodlm+haha
dyodlm,haha
dyodlm-haha
dyodlm.haha
dyodlm/haha
dyodlm:haha
dyodlm;haha
dyodlm<haha
dyodlm=haha
dyodlm>haha
dyodlm?haha
dyodlm@haha
dyodlm[haha
dyodlm\haha
dyodlm]haha
dyodlm^haha
dyodlm{haha
dyodlm|haha
dyodlm}haha
dyodlm~haha

===================
VAR
dyodlm
dyodlm haha
dyodlm!haha
dyodlm#haha
dyodlm
dyodlm%haha
dyodlmhaha
dyodlm*haha
dyodlm+haha
dyodlm,haha
dyodlm-haha
dyodlm.haha
dyodlm/haha
dyodlm:haha
dyodlm=haha
dyodlm?haha
dyodlm@haha
dyodlm[haha
dyodlm]haha
dyodlm^haha
dyodlm{haha
dyodlm}haha
dyodlm~haha

===================
NOVAR DQUOTE
$
$ haha
$%haha
$&haha
$'haha
$)haha
haha
$+haha
$,haha
$.haha
$/haha
$:haha
$;haha
$<haha
$=haha
$>haha
0haha
$\haha
$]haha
$^haha
$|haha
$}haha
$~haha

===================
NOVAR
$
$ haha
$%haha
haha
haha
$+haha
$,haha
$.haha
$/haha
$:haha
$=haha
0haha
$]haha
$^haha
$}haha
$~haha

===================
VAR NOTHING DQUOTE

 haha
%haha
&haha
'haha
)haha
*haha
+haha
,haha
.haha
/haha
:haha
;haha
<haha
=haha
>haha
?haha
\haha
]haha
^haha
|haha
}haha
~haha

===================
VAR NOTHING

haha
%haha
haha
*haha
+haha
,haha
.haha
/haha
:haha
=haha
?haha
]haha
^haha
}haha
~haha
