test/2.sh: ligne 8: >> : commande introuvable
test/2.sh: ligne 10: asd : commande introuvable
test/2.sh: ligne 19: echo  : commande introuvable
test/2.sh: ligne 21: echo -nnnnn : commande introuvable
test/2.sh: ligne 23: ECho : commande introuvable
test/2.sh: ligne 25: ECHO : commande introuvable
test/2.sh: ligne 27: ECHO : commande introuvable
test/2.sh: ligne 33: /home/dyodlm: est un dossier
test/2.sh: ligne 50 : cd: /home/dyodlm/Desktop/: Aucun fichier ou dossier de ce nom
test/2.sh: ligne 53 : cd: /home/dyodlm/Desktop/: Aucun fichier ou dossier de ce nom
test/2.sh: ligne 56 : cd: OME/Desktop/: Aucun fichier ou dossier de ce nom
test/2.sh: ligne 86: ECHO : commande introuvable
test/2.sh: ligne 90: PWD : commande introuvable
test/2.sh: ligne 92: PWD : commande introuvable
test/2.sh: ligne 96: ECHO : commande introuvable
test/2.sh: ligne 98: ECHO : commande introuvable
test/2.sh: ligne 100: ECHO : commande introuvable
test/2.sh: ligne 102: ECHO : commande introuvable
test/2.sh: ligne 120: echok : commande introuvable
test/2.sh: ligne 126: Echo : commande introuvable
test/2.sh: ligne 129: Echo : commande introuvable
test/2.sh: ligne 135: ecco : commande introuvable
test/2.sh: ligne 138: ecCo : commande introuvable
test/2.sh: ligne 141: ecCo : commande introuvable
test/2.sh: ligne 155: -a : commande introuvable
test/2.sh: ligne 157: LS : commande introuvable
test/2.sh: ligne 159: Ls : commande introuvable
test/2.sh: ligne 161: lS : commande introuvable
test/2.sh: ligne 165: PWD : commande introuvable
test/2.sh: ligne 167: pWD : commande introuvable
test/2.sh: ligne 171: pwD : commande introuvable
test/2.sh: ligne 173: ENV : commande introuvable
test/2.sh: ligne 175: CAT : commande introuvable
test/2.sh: ligne 177: EXPORT : commande introuvable
test/2.sh: ligne 198: ||||||| : commande introuvable
test/2.sh: ligne 207: Echo : commande introuvable
test/2.sh: ligne 209: EXIT : commande introuvable
test/2.sh: ligne 211: Exit : commande introuvable
test/2.sh: ligne 213: UNSET : commande introuvable
test/2.sh: ligne 215: Unset : commande introuvable
test/2.sh: ligne 217: EXPORT : commande introuvable
test/2.sh: ligne 220: Export : commande introuvable
test/2.sh: ligne 231: <<. : commande introuvable
test/2.sh: ligne 233: OLDPWD : commande introuvable
test/2.sh: ligne 235: VAR : commande introuvable
test/2.sh: ligne 237:  ls : commande introuvable
test/2.sh: ligne 239:  cat : commande introuvable
test/2.sh: ligne 241:  echo : commande introuvable
test/2.sh: ligne 243:  PWD : commande introuvable
test/2.sh: ligne 245:  pwd : commande introuvable
test/2.sh: ligne 247: PWD  : commande introuvable
test/2.sh: ligne 249: pwd  : commande introuvable
test/2.sh: ligne 251: pwd  : commande introuvable
test/2.sh: ligne 255:  : commande introuvable
