FROM alpine:3
RUN apk add --no-cache zsh
RUN apk add --no-cache bash
RUN apk add --no-cache valgrind
RUN apk add --no-cache curl
RUN apk add --no-cache git
RUN apk add --no-cache gcc
RUN apk add --no-cache make
RUN apk add --no-cache gdb
RUN apk add --no-cache mandoc man-pages
RUN apk add --no-cache libx11
RUN apk add --no-cache libxv
RUN apk add --no-cache libx11-dev
RUN apk add --no-cache libc-dev
RUN apk add --no-cache readline-dev
RUN apk add --no-cache libxext-dev
RUN apk add --no-cache libbsd-dev
RUN apk add --no-cache zlib-dev
RUN sh -c "$(curl -fsSL https://raw.githubusercontent.com/ohmyzsh/ohmyzsh/master/tools/install.sh)"
RUN apk add --no-cache py3-pip
RUN python3 -m venv $HOME/.venv && \
		source $HOME/.venv/bin/activate && \
		python3 -m pip install --upgrade pip setuptools && \
		python3 -m pip install norminette && \
		echo "export PATH=$PATH:$HOME/.venv/bin" >> $HOME/.zshrc && \
		deactivate
WORKDIR /app
ENTRYPOINT [ "/bin/zsh" ] minishell
build
lib/**/*.a
.DS_Store
*.dSYM
*.log
*.out
*.diff
log/*total 232
drwxrwxr-x  9 dyodlm dyodlm   4096 sept. 23 14:13 build
-rwxrwxr-x  1 dyodlm dyodlm   4239 sept. 23 13:58 dev.sh
drwxrwxr-x  2 dyodlm dyodlm   4096 sept. 23 13:58 doc
-rw-rw-r--  1 dyodlm dyodlm    959 sept. 23 13:58 Dockerfile
drwxrwxr-x  3 dyodlm dyodlm   4096 sept. 23 13:58 lib
drwxrwxr-x 11 dyodlm dyodlm   4096 sept. 23 14:14 log
-rw-rw-r--  1 dyodlm dyodlm   1744 sept. 23 14:13 Makefile
-rwxrwxr-x  1 dyodlm dyodlm 184664 sept. 23 14:13 minishell
-rw-rw-r--  1 dyodlm dyodlm    799 sept. 23 13:58 readline.supp
-rwxrwxr-x  1 dyodlm dyodlm    331 sept. 23 13:58 run.sh
drwxrwxr-x  9 dyodlm dyodlm   4096 sept. 23 14:12 src
drwxrwxr-x  2 dyodlm dyodlm   4096 sept. 23 14:13 test
/home/dyodlm/ZONE/42_cursus/minishell/42_minishell
42_minishell
documentation
example
makefile
test
/home/dyodlm/ZONE/42_cursus/minishell
127
