cd ~
0
042
042
"$USER"
'dyodlm'
$USER
"dyodlm"
''dyodlm''
'$USER'
"dyodlm"
HOMEdyodlm
HOMEdyodlm
exit_code ->0 user ->dyodlm home -> /home/dyodlm
HOME
42$
dyodlm
$ 
bye
42
$=
$ 
0
$?
'0'
cat lol.c | cat > lol.c
cat lol.c '|' cat > lol.c
$USER dyodlm text  ' text
dyodlm =intergalaktikus miaf*szomez
-n-n bonjour
'dyodlm'
 'dyodlm' 
textdyodlm
text'dyodlm'  $USER 
text dyodlm dyodlm
              $USER          
dyodlm
dyodlm
dyodlm$USERtext oui oui oui oui dyodlm oui dyodlm 
text textdyodlm ... dyodlm



 
echo
test1
test1
echo hallo
echo1
test1 test2
test1  test2 test3
 test1 test2  test3 
test1 test2
dyodlm/home/dyodlm$
dyodlm/home/dyodlm/home/dyodlm/ZONE/42_cursus/minishell/42_minishell/log
test1test1 test2test1 test2 test3 test1 test2  test3 test1 test2test1 -n
test1 -n
test1test1-
--
  -nn 
-n test1 -n test2
test1 -n test2
~42
-nasd-n-nnnnn-n-nfeel my pain-n-n'totally logical'
totally logical
totally logical
totally logical
/home/dyodlm/ZONE/42_cursus/minishell/42_minishell/log
/home/dyodlm
/home/dyodlm
/home
/home
/home
/home
/home
/home
/home
/home
/
/
/
/
/
/
/
/
/
/
/
/
/
/
/
/
/
/
/
/
/
/
/
/
/
/
/
/
/
/
/
/
/
/
/
/
/
/
/home/dyodlm
/home/dyodlm
/home/dyodlm
/home/dyodlm
/home/dyodlm
/home/dyodlm
/home/dyodlm
/home/dyodlm
/home/dyodlm
/home/dyodlm
/home/dyodlm
/home/dyodlm
/home/dyodlm
/home/dyodlm
/home/dyodlm
HOME=/home/dyodlm
/home/dyodlm
/home/dyodlm
/home/dyodlm
/home/dyodlm
/home/dyodlm
/home/dyodlm

42
HALLO42=42
/home/dyodlm
HOME=/home/dyodlm
42
HOME=42
123
TES_T=123
T=
HELLO42=T=
HELLO42=T=
0
1

99



mini_test=
42
42
42





