1
2
126

1
hello 42
1
hello world
4242 -n42 -n
424242
0
1
127
42
Hello World
  Hello World
  Hello World 
42
 cat ' lol.c
@World42Hello
Hello World
   Hello World
  Hello World 
42
42
cat lol.c << cat > lol.c
@World42Hello
 

          
1 | echo 2
1 && echo 2
1 || echo 2
1 > echo 2
1 >> file 2
dyodlm
   $   
$USER
   $   
 ME
$HO ME
HOME
HOME
/home/dyodlm/ZONE/42_cursus/minishell/42_minishell
/home/dyodlm/ZONE/42_cursus/minishell/42_minishell
R/home/dyodlm
HOMEdyodlm
HOMEdyodlm
'HOM'Edyodlm
HOMEdyodlm
HOME
HOME
$
$
$=
$$
$
42$
$$
$
$$
@?/
@?/
4 2
4 2
4=2
4=2
4=2
4=2



42
42




build
dev.sh
doc
Dockerfile
lib
log
Makefile
minishell
readline.supp
run.sh
src
test
42_minishell
documentation
example
makefile
test
42_minishell
documentation
example
makefile
test
bin
bin.usr-is-merged
boot
cdrom
dev
etc
home
lib
lib64
lib.usr-is-merged
lost+found
media
mnt
opt
proc
root
run
sbin
sbin.usr-is-merged
snap
srv
swap.img
sys
tmp
usr
var
bin
bin.usr-is-merged
boot
cdrom
dev
etc
home
lib
lib64
lib.usr-is-merged
lost+found
media
mnt
opt
proc
root
run
sbin
sbin.usr-is-merged
snap
srv
swap.img
sys
tmp
usr
var
bin
bin.usr-is-merged
boot
cdrom
dev
etc
home
lib
lib64
lib.usr-is-merged
lost+found
media
mnt
opt
proc
root
run
sbin
sbin.usr-is-merged
snap
srv
swap.img
sys
tmp
usr
var
bin
bin.usr-is-merged
boot
cdrom
dev
etc
home
lib
lib64
lib.usr-is-merged
lost+found
media
mnt
opt
proc
root
run
sbin
sbin.usr-is-merged
snap
srv
swap.img
sys
tmp
usr
var
/
/
/
/
/
[
411toppm
a2ping
a5booklet
a5toa4
aa-enabled
aa-exec
aa-features-abi
aconnect
acpidbg
add-apt-repository
addpart
addr2line
adhocfilelist
afm2afm
afm2pl
afm2tfm
airscan-discover
aleph
allcm
allec
allneeded
alsabat
alsaloop
alsamixer
alsatplg
alsaucm
amidi
amixer
amstex
animate
animate-im6
animate-im6.q16
anytopnm
apg
apgbfm
aplay
aplaymidi
apport-bug
apport-cli
apport-collect
apport-unpack
appres
appstreamcli
apropos
apt
apt-add-repository
apt-cache
apt-cdrom
apt-config
aptdcon
apt-extracttemplates
apt-ftparchive
apt-get
apt-key
apt-mark
apt-sortpkgs
ar
arara
arch
arecord
arecordmidi
arlatex
arm2hpdl
as
asciitopgm
aseqdump
aseqnet
aspell
aspell-import
asy
atktopbm
atobm
authorindex
autoinst
autosp
avstopam
awk
axfer
axohelp
b2sum
baobab
base32
base64
basename
basenc
bash
bashbug
bbl2bib
bbox
bc
bdftopcf
bdftruncate
bg5conv
bg5+latex
bg5latex
bg5+pdflatex
bg5pdflatex
bib2gls
bibdoiadd
biber
bibexport
bibmradd
bibtex
bibtex8
bibtex.original
bibtexu
biburl2doi
bibzbladd
bioradtopgm
bitmap
bluemoon
bluetoothctl
bluetooth-sendto
bmptopnm
bmptoppm
bmtoa
boltctl
bpftrace
bpftrace-aotrt
brltty
brltty-atb
brltty-clip
brltty-ctb
brltty-hid
brltty-ktb
brltty-lscmds
brltty-morse
brltty-trtxt
brltty-ttb
brltty-tune
broadwayd
browse
brushtopbm
btattach
btmgmt
btmon
bundle3.2
bundledoc
bundler3.2
bunzip2
busctl
busybox
bwrap
bzcat
bzcmp
bzdiff
bzegrep
bzexe
bzfgrep
bzgrep
bzip2
bzip2recover
bzless
bzmore
c++
c89
c89-gcc
c99
c99-gcc
cachepic
calibrate_ppa
callgrind_annotate
callgrind_control
cameratopam
canberra-gtk-play
cancel
captoinfo
cat
catman
cc
cd-create-profile
cd-fix-profile
cd-iccdump
cd-it8
cef5conv
cef5latex
cef5pdflatex
cefconv
ceflatex
cefpdflatex
cefsconv
cefslatex
cefspdflatex
cfftot1
c++filt
cg_annotate
cg_diff
cg_merge
chacl
chage
chardet
chardetect
chartex
chattr
chcon
checkcites
check-language-support
checklistings
chfn
chgrp
chkdvifont
chklref
chktex
chkweb
chmod
choom
chown
chrt
chsh
chvt
cifsiostat
ciptool
cistopbm
cjk-gs-integrate
cjpeg
ckbcomp
cksum
clear
clear_console
cloud-id
cloud-init
cloud-init-per
cluttex
cmp
cmuwmtopbm
code
codepage
col
colcrt
colormgr
colrm
column
comm
compare
compare-im6
compare-im6.q16
composite
composite-im6
composite-im6.q16
conjure
conjure-im6
conjure-im6.q16
context
context.lua
convbkmk
convert
convertgls2bib
convert-im6
convert-im6.q16
corelist
cp
cpan
cpan5.38-x86_64-linux-gnu
cpio
cpp
cpp-13
cpupower
c_rehash
crontab
csplain
csplit
ctanbib
ctangle
ctanify
ctan-o-mat
ctanupload
ctie
ctstat
ctwill
ctwill-refsort
ctwill-twinx
cupstestppd
curl
cut
cvt
cvtsudoers
cweave
dash
date
dbus-cleanup-sockets
dbus-daemon
dbus-monitor
dbus-run-session
dbus-send
dbus-update-activation-environment
dbus-uuidgen
dbxtool
dc
dconf
dd
ddbugtopbm
ddstdecode
deallocvt
debconf
debconf-apt-progress
debconf-communicate
debconf-copydb
debconf-escape
debconf-set-selections
debconf-show
debian-distro-info
deb-systemd-helper
deb-systemd-invoke
delpart
delv
de-macro
depythontex
desktop-file-edit
desktop-file-install
desktop-file-validate
detex
devnag
deweb
df
dh_bash-completion
dh_installtex
dh_installxmlcatalogs
dh_perl_openssl
diadia
diff
diff3
dig
digestif
dir
dircolors
dirmngr
dirmngr-client
dirname
disdvi
display
display-im6
display-im6.q16
distro-info
djpeg
dmesg
dnsdomainname
domainname
do-release-upgrade
dosepsbin
dpkg
dpkg-architecture
dpkg-buildapi
dpkg-buildflags
dpkg-buildpackage
dpkg-buildtree
dpkg-checkbuilddeps
dpkg-deb
dpkg-distaddfile
dpkg-divert
dpkg-genbuildinfo
dpkg-genchanges
dpkg-gencontrol
dpkg-gensymbols
dpkg-maintscript-helper
dpkg-mergechangelogs
dpkg-name
dpkg-parsechangelog
dpkg-query
dpkg-realpath
dpkg-scanpackages
dpkg-scansources
dpkg-shlibdeps
dpkg-source
dpkg-split
dpkg-statoverride
dpkg-trigger
dpkg-vendor
driverless
driverless-fax
dt2dv
dtxgen
du
dumpkeys
dv2dt
dvi2fax
dvi2tty
dviasm
dvibook
dviconcat
dvicopy
dvidvi
dvigif
dvihp
dviinfox
dvilj
dvilj2p
dvilj4
dvilj4l
dvilj6
dvilualatex
dvilualatex-dev
dviluatex
dvipdf
dvipdfm
dvipdfmx
dvipdft
dvipng
dvipos
dvips
dvired
dviselect
dvispc
dvisvgm
dvitodvi
dvitomp
dvitype
dwp
e2pall
eatmydata
ebb
ec2metadata
echo
ed
editor
editres
efibootdump
efibootmgr
egrep
eject
elfedit
enc2xs
encguess
enchant-2
enchant-lsmod-2
env
envsubst
eog
eplain
eps2eps
epsffit
epspdf
epspdftk
epstopdf
eptex
eqn
erb
erb3.2
esc-m
escp2topbm
etex
euptex
eutp
evince
evince-previewer
evince-thumbnailer
ex
exceltex
exifautotran
expand
expiry
expr
extconv
extractbb
extractres
eyuvtoppm
factor
faillog
faked-sysv
faked-tcp
fakeroot
fakeroot-sysv
fakeroot-tcp
fallocate
false
fbstat
fbsvcmgr
fc-cache
fc-cat
fc-conflist
fc-list
fc-match
fc-pattern
fc-query
fc-scan
fc-validate
feynmf
fgconsole
fgrep
fiascotopnm
fig4latex
file
file2brl
find
findhyph
findmnt
findrule
firefox
fitstopnm
fixdlsrps
fixfmps
fixpsditps
fixpspps
fixscribeps
fixtpps
fixwfwps
fixwpps
fixwwps
flock
fmt
fmtutil
fmtutil-sys
fmtutil-user
fold
fontinst
fonttosfnt
foo2ddst
foo2ddst-wrapper
foo2hbpl2
foo2hbpl2-wrapper
foo2hiperc
foo2hiperc-wrapper
foo2hp
foo2hp2600-wrapper
foo2lava
foo2lava-wrapper
foo2oak
foo2oak-wrapper
foo2qpdl
foo2qpdl-wrapper
foo2slx
foo2slx-wrapper
foo2xqx
foo2xqx-wrapper
foo2zjs
foo2zjs-icc2ps
foo2zjs-pstops
foo2zjs-wrapper
foomatic-rip
fprintd-delete
fprintd-enroll
fprintd-list
fprintd-verify
fragmaster
free
fstopgm
ftp
funzip
fuser
fusermount
fusermount3
fwupdmgr
fwupdtool
g++
g++-13
g3topbm
gamemoded
gamma4scanimage
gapplication
gatttool
gbak
gbklatex
gbkpdflatex
gcalccmd
gcc
gcc-13
gcc-ar
gcc-ar-13
gcc-nm
gcc-nm-13
gcc-ranlib
gcc-ranlib-13
gcore
gcov
gcov-13
gcov-dump
gcov-dump-13
gcov-tool
gcov-tool-13
gcr-viewer
gcr-viewer-gtk4
gdb
gdb-add-index
gdbtui
gdbus
gdk-pixbuf-csource
gdk-pixbuf-pixdata
gdk-pixbuf-thumbnailer
gdm-config
gdmflexiserver
gdm-screenshot
gem
gem3.2
gemtopbm
gemtopnm
gencat
geqn
GET
getafm
getconf
getent
getfacl
getkeycodes
getmapdl
getopt
gettext
gettext.sh
gfix
gftodvi
gftopk
gftype
ghostscript
giftopnm
ginstall-info
gio
gio-querymodules
gipddecode
git
git-latexdiff
git-receive-pack
git-shell
git-upload-archive
git-upload-pack
gjs
gjs-console
gkbd-keyboard-display
glib-compile-schemas
gmake
gnome-calculator
gnome-characters
gnome-clocks
gnome-control-center
gnome-disk-image-mounter
gnome-disks
gnome-extensions
gnome-font-viewer
gnome-help
gnome-keyring
gnome-keyring-3
gnome-keyring-daemon
gnome-language-selector
gnome-logs
gnome-power-statistics
gnome-session
gnome-session-inhibit
gnome-session-properties
gnome-session-quit
gnome-shell
gnome-shell-extension-tool
gnome-shell-test-tool
gnome-system-monitor
gnome-terminal
gnome-terminal.real
gnome-terminal.wrapper
gnome-text-editor
gnome-thumbnail-font
gnome-www-browser
gold
gouldtoppm
gp-archive
gpasswd
gp-collect-app
gp-display-html
gp-display-src
gp-display-text
gpg
gpg-agent
gpgconf
gpg-connect-agent
gpgparsemail
gpgsm
gpgsplit
gpgtar
gpgv
gpg-wks-client
gpic
gpre
gprof
gprofng
gpu-manager
grdctl
gregorio
grep
gresource
groff
grog
grops
grotty
groups
growpart
grub-editenv
grub-file
grub-fstest
grub-glue-efi
grub-kbdcomp
grub-menulst2cfg
grub-mkfont
grub-mkimage
grub-mklayout
grub-mknetdir
grub-mkpasswd-pbkdf2
grub-mkrelpath
grub-mkrescue
grub-mkstandalone
grub-mount
grub-render-label
grub-script-check
grub-syslinux2cfg
gs
gsbj
gsdj
gsdj500
gsec
gsettings
gsftopk
gslj
gslp
gsnd
gst-device-monitor-1.0
gst-discoverer-1.0
gst-inspect-1.0
gst-launch-1.0
gst-play-1.0
gstreamer-codec-install
gst-stats-1.0
gst-tester-1.0
gst-typefind-1.0
gtbl
gted
gtf
gtk4-broadwayd
gtk4-builder-tool
gtk4-encode-symbolic-svg
gtk4-launch
gtk4-path-tool
gtk4-query-settings
gtk4-rendernode-tool
gtk4-update-icon-cache
gtk-builder-tool
gtk-encode-symbolic-svg
gtk-launch
gtk-query-settings
gtk-update-icon-cache
gunzip
gzexe
gzip
h2ph
h2xs
hardlink
hbf2gf
hbpldecode
hciattach
hciconfig
hcitool
hd
hdifftopam
head
HEAD
heif-thumbnailer
helpztags
hex2hcd
hexdump
hilatex
hipercdecode
hipstopgm
hishrink
histretch
hitex
host
hostid
hostname
hostnamectl
hp-align
hpcdtoppm
hp-check
hp-clean
hp-colorcal
hp-config_usb_printer
hp-doctor
hp-firmware
hp-info
hp-levels
hp-logcapture
hp-makeuri
hp-pkservice
hp-plugin
hp-plugin-ubuntu
hp-probe
hp-query
hp-scan
hp-setup
hp-testpage
hp-timedate
ht
htcopy
htlatex
htmex
htmove
httex
httexi
htxelatex
htxetex
hwe-support-status
i386
ibus
ibus-daemon
ibus-setup
ibus-table-createdb
iceauth
ico
icontopbm
iconv
id
identify
identify-im6
identify-im6.q16
iecset
ijs_pxljr
ilbmtoppm
imagetops
im-config
imgtoppm
im-launch
import
import-im6
import-im6.q16
includeres
inetutils-telnet
info
infobrowser
infocmp
infotocap
infotopam
inimf
initex
inputattach
install
installfont-tl
install-info
instmodsh
intel-virtual-output
ionice
iostat
ip
ipcmk
ipcrm
ipcs
ippfind
ipptool
iptables-xml
irb
irb3.2
ischroot
isdv4-serial-debugger
isdv4-serial-inputattach
ispell-wrapper
isql-fb
jadetex
jamo-normalize
java
jbigtopnm
jexec
jfmutil
join
journalctl
jpackage
jpeg2ktopam
jpegexiforient
jpegtopnm
jpegtran
jpgicc
jq
jsondiff
jsonpatch
json-patch-jsondiff
jsonpointer
json_pp
jsonschema
json_xs
JxrDecApp
JxrEncApp
kanji-config-updmap
kanji-config-updmap-sys
kanji-config-updmap-user
kanji-fontmap-creator
kbdinfo
kbd_mode
kbxutil
kernel-install
kerneloops-submit
ketcindy
keytool
kill
killall
kmod
kmodsign
koi8rxterm
komkindex
kpseaccess
kpsepath
kpsereadlink
kpsestat
kpsetool
kpsewhere
kpsewhich
kpsexpand
l2ping
l2test
l3build
l4p-tmpl
lacheck
laptop-detect
last
lastb
lastlog
latex
latex2man
latex2nemeth
latexdef
latex-dev
latexdiff
latexdiff-cvs
latexdiff-fast
latexdiff-git
latexdiff-hg
latexdiff-rcs
latexdiff-svn
latexdiff-vc
latexfileversion
latex-git-log
latexindent
latexmk
latexpand
latex-papersize
latexrevise
latex-wordcount
lavadecode
lcf
ld
ldapadd
ldapcompare
ldapdelete
ldapexop
ldapmodify
ldapmodrdn
ldappasswd
ldapsearch
ldapurl
ldapwhoami
ld.bfd
ldd
ld.gold
ld.so
leaftoppm
less
lessecho
lessfile
lesskey
lesspipe
lexgrog
libnetcfg
libreoffice
lily-glyph-commands
lily-image-commands
lily-rebuild-pdfs
link
linkicc
linux32
linux64
linux-boot-prober
linux-check-removal
linux-update-symlinks
linux-version
lispmtopgm
listbib
listings-ext
listres
lldb
lldb-18
lldb-argdumper
lldb-argdumper-18
lldb-dap-18
lldb-instr-18
lldb-server
lldb-server-18
llmk
ln
lnstat
loadkeys
loadunimap
lobase
localc
locale
locale-check
localectl
localedef
lodraw
loffice
lofromtemplate
logger
login
loginctl
logname
loimpress
lollipop
lomath
look
loweb
lowntfs-3g
lowriter
lp
lpoptions
lpq
lpr
lprm
lp_solve
lpstat
ls
lsattr
lsblk
lsb_release
lscpu
lshw
lsinitramfs
lsipc
lslocks
lslogins
lsmem
lsmod
lsns
lsof
lspci
lspgpot
lspower
lsusb
lto-dump
lto-dump-13
ltx2crossrefxml
ltx2unitxt
ltxfileinfo
ltximg
luahbtex
lualatex
lualatex-dev
luametatex
luaotfload-tool
luatex
lwarpmk
lwp-download
lwp-dump
lwp-mirror
lwp-request
lxterm
lzcat
lzcmp
lzdiff
lzegrep
lzfgrep
lzgrep
lzless
lzma
lzmainfo
lzmore
m17n-db
m2300w
m2300w-wrapper
m2400w
macptopbm
mag
make
make4ht
makedtx
make-first-existing-target
makeglossaries
makeglossaries-lite
makeindex
makeinfo
makejvf
man
mandb
manpath
man-recode
mapscrn
markdown-it
match_parens
mathspic
mawk
mbimcli
mbim-network
mcookie
md5sum
md5sum.textutils
mdatopbm
mdig
memhog
memusage
memusagestat
mendex
mesa-overlay-control.py
mesg
mex
mf
mf2pt1
mflua
mflua-nowin
mf-nowin
mfplain
mft
mgrtopbm
migratepages
migrate-pubring-from-classic-gpg
migspeed
mimeopen
mimetype
min12xxw
mk4ht
mkdir
mkfifo
mkfontdir
mkfontscale
mkgrkindex
mkindex
mkjobtexmf
mk_modmap
mknod
mkocp
mkofm
mkpic
mksquashfs
mkt1font
mktemp
mktexfmt
mktexlsr
mktexmf
mktexpk
mktextfm
mllatex
mltex
mmafm
mmcli
mmpfb
mogrify
mogrify-im6
mogrify-im6.q16
mokutil
monitor-sensor
montage
montage-im6
montage-im6.q16
more
mount
mountpoint
mousetweaks
mpost
mpris-proxy
mpstat
mptopdf
mrftopbm
mscompress
msexpand
ms_print
msxlint
mt
mt-gnu
mtr
mtrace
mtr-packet
mtvtoppm
m-tx
mtxrun
mtxrun.lua
multibibliography
muraster
musixflx
musixtex
mutool
mv
namei
nano
nautilus
nautilus-autorun-software
nautilus-sendto
nawk
nbackup
nc
nc.openbsd
ncurses6-config
ncursesw6-config
neotoppm
neqn
netaddr
netcat
netstat
networkctl
networkd-dispatcher
newgrp
ngettext
nice
nisdomainname
nl
nm
nm-applet
nmcli
nm-connection-editor
nm-online
nmtui
nmtui-connect
nmtui-edit
nmtui-hostname
nohup
notify-send
nproc
nroff
nsenter
nslookup
nstat
nsupdate
ntfs-3g
ntfs-3g.probe
ntfscat
ntfscluster
ntfscmp
ntfsdecrypt
ntfsfallocate
ntfsfix
ntfsinfo
ntfsls
ntfsmove
ntfsrecover
ntfssecaudit
ntfstruncate
ntfsusermap
ntfswipe
numactl
numastat
numfmt
nvidia-detector
oakdecode
obexctl
objcopy
objdump
oclock
od
odvicopy
odvitype
oem-getlogs
ofm2opl
omfonts
on_ac_power
oomctl
open
openjade
openjade-1.4devel
openssl
openvt
opl2ofm
opldecode
optex
orca
orca-dm-wrapper
os-prober
ot2kpx
otangle
otfinfo
otftotfm
otp2ocp
outocp
ovf2ovp
ovp2ovf
p11-kit
pager
palmtopnm
pamaddnoise
pamaltsat
pamarith
pambackground
pambayer
pambrighten
pamcat
pamchannel
pamcomp
pamcrater
pamcut
pamdeinterlace
pamdepth
pamdice
pamditherbw
pamedge
pamendian
pamenlarge
pamexec
pamfile
pamfind
pamfix
pamfixtrunc
pamflip
pamfunc
pamgauss
pamgetcolor
pamgradient
pamhomography
pamhue
pamlevels
pamlookup
pammasksharpen
pammixinterlace
pammixmulti
pammosaicknit
pamoil
pampaintspill
pamperspective
pamphletangler
pampick
pampop9
pamrecolor
pamrestack
pamrgbatopng
pamrubber
pamscale
pamseq
pamshadedrelief
pamsharpmap
pamsharpness
pamshuffle
pamsistoaglyph
pamslice
pamsplit
pamstack
pamstereogram
pamstretch
pamstretch-gen
pamsumm
pamsummcol
pamtable
pamthreshold
pamtilt
pamtoavs
pamtodjvurle
pamtofits
pamtogif
pamtohdiff
pamtohtmltbl
pamtojpeg2k
pamtompfont
pamtooctaveimg
pamtopam
pamtopdbimg
pamtopfm
pamtopng
pamtopnm
pamtoqoi
pamtosrf
pamtosvg
pamtotga
pamtotiff
pamtouil
pamtowinicon
pamtoxvmini
pamtris
pamundice
pamunlookup
pamvalidate
pamwipeout
pamx
paperconf
partx
passwd
paste
patch
patgen
pathchk
pbibtex
pbmclean
pbmlife
pbmmake
pbmmask
pbmminkowski
pbmnoise
pbmpage
pbmpscale
pbmreduce
pbmtext
pbmtextps
pbmto10x
pbmto4425
pbmtoascii
pbmtoatk
pbmtobbnbg
pbmtocis
pbmtocmuwm
pbmtodjvurle
pbmtoepsi
pbmtoepson
pbmtoescp2
pbmtog3
pbmtogem
pbmtogo
pbmtoibm23xx
pbmtoicon
pbmtolj
pbmtoln03
pbmtolps
pbmtomacp
pbmtomatrixorbital
pbmtomda
pbmtomgr
pbmtomrf
pbmtonokia
pbmtopgm
pbmtopi3
pbmtopk
pbmtoplot
pbmtoppa
pbmtopsg3
pbmtoptx
pbmtosunicon
pbmtowbmp
pbmtox10bm
pbmtoxbm
pbmtoybm
pbmtozinc
pbmupc
pc1toppm
pcdindex
pcdovtoppm
pcxtoppm
pdb3
pdb3.12
pdbimgtopam
pdf2dsc
pdf2ps
pdfannotextractor
pdfatfi
pdfattach
pdfbook2
pdfclose
pdfcrop
pdfcsplain
pdfdetach
pdfetex
pdffonts
pdfimages
pdfinfo
pdfjadetex
pdfjam
pdflatex
pdflatex-dev
pdflatexpicscale
pdfmex
pdfopen
pdfseparate
pdfsig
pdftex
pdftexi2dvi
pdftex-quiet
pdftocairo
pdftohtml
pdftoppm
pdftops
pdftosrc
pdftotext
pdftrimwhite
pdfunite
pdfxmltex
pdfxup
pdvitomp
pdvitype
pedigree
peekfd
perf
perl
perl5.38.2
perl5.38-x86_64-linux-gnu
perlbug
perldoc
perli11ndoc
perlivp
perltex
perlthanks
pf2afm
pfarrei
pfb2pfa
pfb2t1c
pfbtopfa
pfmtopam
pgmabel
pgmbentley
pgmcrater
pgmdeshadow
pgmedge
pgmenhance
pgmhist
pgmkernel
pgmmake
pgmmedian
pgmminkowski
pgmmorphconv
pgmnoise
pgmnorm
pgmoil
pgmramp
pgmslice
pgmtexture
pgmtofs
pgmtolispm
pgmtopbm
pgmtopgm
pgmtoppm
pgmtosbig
pgmtost4
pgrep
pi1toppm
pi3topbm
pic
pico
piconv
pidof
pidstat
pidwait
pinentry
pinentry-curses
pinentry-gnome3
pinentry-x11
ping
ping4
ping6
pinky
pip
pip3
pip3.12
pipewire
pipewire-aes67
pipewire-avb
pipewire-pulse
pjtoppm
pk2bm
pkaction
pkcheck
pkcon
pkexec
pkfix
pkfix-helper
pkill
pkmon
pktogf
pktopbm
pkttyagent
pktype
pl2pm
platex
platex-dev
pldd
plog
pltotf
plymouth
pmap
pmpost
pmxab
pmxchords
pn2pdf
pngtopam
pngtopnm
pnm2ppa
pnmalias
pnmarith
pnmcat
pnmcolormap
pnmcomp
pnmconvol
pnmcrop
pnmcut
pnmdepth
pnmenlarge
pnmfile
pnmflip
pnmgamma
pnmhisteq
pnmhistmap
pnmindex
pnminterp
pnminterp-gen
pnminvert
pnmmargin
pnmmercator
pnmmontage
pnmnlfilt
pnmnoraw
pnmnorm
pnmpad
pnmpaste
pnmpsnr
pnmquant
pnmquantall
pnmremap
pnmrotate
pnmscale
pnmscalefixed
pnmshear
pnmsmooth
pnmsplit
pnmstitch
pnmtile
pnmtoddif
pnmtofiasco
pnmtofits
pnmtojbig
pnmtojpeg
pnmtopalm
pnmtopclxl
pnmtoplainpnm
pnmtopng
pnmtopnm
pnmtops
pnmtorast
pnmtorle
pnmtosgi
pnmtosir
pnmtotiff
pnmtotiffcmyk
pnmtoxwd
pod2html
pod2man
pod2texi
pod2text
pod2usage
podchecker
poff
pon
pooltype
POST
powerprofilesctl
ppdc
ppdhtml
ppdi
ppdmerge
ppdpo
pphs
ppltotf
ppm3d
ppmbrighten
ppmchange
ppmcie
ppmcolormask
ppmcolors
ppmdcfont
ppmddumpfont
ppmdim
ppmdist
ppmdither
ppmdmkfont
ppmdraw
ppmfade
ppmflash
ppmforge
ppmglobe
ppmhist
ppmlabel
ppmmake
ppmmix
ppmnorm
ppmntsc
ppmpat
ppmquant
ppmquantall
ppmrainbow
ppmrelief
ppmrough
ppmshadow
ppmshift
ppmspread
ppmtoacad
ppmtoapplevol
ppmtoarbtxt
ppmtoascii
ppmtobmp
ppmtoeyuv
ppmtogif
ppmtoicr
ppmtoilbm
ppmtojpeg
ppmtoleaf
ppmtolj
ppmtomap
ppmtomitsu
ppmtompeg
ppmtoneo
ppmtopcx
ppmtopgm
ppmtopi1
ppmtopict
ppmtopj
ppmtopjxl
ppmtoppm
ppmtopuzz
ppmtorgb3
ppmtosixel
ppmtospu
ppmtoterm
ppmtotga
ppmtouil
ppmtowinicon
ppmtoxpm
ppmtoyuv
ppmtoyuvsplit
ppmtv
ppmwheel
pr
precat
preconv
prepmx
prerex
preunzip
prezip
prezip-bin
printafm
printenv
printer-profile
printf
prlimit
pro
prove
prtstat
ps
ps2ascii
ps2eps
ps2epsi
ps2frag
ps2pdf
ps2pdf12
ps2pdf13
ps2pdf14
ps2pdfwr
ps2pk
ps2ps
ps2ps2
ps2txt
ps4pdf
psbook
psfaddtable
psfgettable
psfstriptable
psfxtable
psicc
psidtopgm
psjoin
pslatex
pslog
psmerge
psnup
psresize
psselect
pst2pdf
pstoedit
pstopnm
pstops
pstree
pstree.x11
ptar
ptardiff
ptargrep
ptex
ptex2pdf
ptftopl
ptx
purifyeps
pw-cat
pw-cli
pw-config
pwd
pw-dot
pw-dsdplay
pw-dump
pwdx
pw-encplay
pw-link
pw-loopback
pw-metadata
pw-mididump
pw-midiplay
pw-midirecord
pw-mon
pw-play
pw-profiler
pw-record
pw-reserve
pw-top
py3clean
py3compile
py3versions
pybabel
pybabel-python3
pydoc3
pydoc3.12
pygettext3
pygettext3.12
pygmentex
pygmentize
pyserial-miniterm
pyserial-ports
python3
python3.12
python3.12-config
python3-config
pythontex
pzstd
qmicli
qmi-firmware-update
qmi-network
qoitopam
qpdldecode
qrttoppm
quirks-handler
racc3.2
rake
rake3.2
ranlib
rasttopnm
rawtopgm
rawtoppm
rbash
rbs3.2
rctest
rdbg3.2
rdjpgcom
rdma
rdoc
rdoc3.2
readelf
readlink
realpath
red
rename.ul
rendercheck
renice
repstopdf
reset
resize
resizecons
resizepart
resolvectl
rev
rfcomm
rgb3toppm
rgrep
ri
ri3.2
rlatopam
rletopnm
rm
rmdir
rmiregistry
r-mpost
rnano
routel
rpcgen
rpdfcrop
r-pmpost
rrsync
rstart
rstartd
rsync
rsync-ssl
rtla
rtstat
rubibtex
rubikrotation
ruby
ruby3.2
rumakeindex
runcon
run-parts
runtexshebang
run-with-aspell
r-upmpost
rview
rvim
rygel
sadf
sane-find-scanner
sar
sar.sysstat
savelog
sbattach
sbigtopgm
sbkeysync
sbsiglist
sbsign
sbvarsign
sbverify
scalar
scanimage
scor2prt
scp
scp-dbus-service
screen
screendump
script
scriptlive
scriptreplay
sdiff
sdptool
seahorse
sed
select-default-iwrap
select-editor
sensible-browser
sensible-editor
sensible-pager
sensible-terminal
seq
session-migration
sessreg
setarch
setfacl
setfont
setkeycodes
setleds
setlogcons
setmetamode
setpci
setpriv
setsid
setterm
setupcon
setxkbmap
sfconv
sftp
sg
sgitopnm
sh
sha1sum
sha224sum
sha256sum
sha384sum
sha512sum
shasum
showchar
showconsolefont
showkey
showrgb
shred
shuf
simpdftex
sirtopnm
size
sjisconv
sjislatex
sjispdflatex
skill
slabtop
sldtoppm
sleep
slogin
slxdecode
smproxy
snap
snapctl
snapfuse
snice
soelim
soffice
software-properties-gtk
sort
sotruss
spa-acp-tool
spa-inspect
spa-json-dump
spa-monitor
spa-resample
spctoppm
spd-conf
spd-say
spdsend
speaker-test
speech-dispatcher
spice-vdagent
spix
splain
split
splitfont
splitindex
spottopgm
sprof
sputoppm
sqfscat
sqfstar
srcredact
srftopam
ss
ssh
ssh-add
ssh-agent
ssh-argv0
ssh-copy-id
ssh-keygen
ssh-keyscan
sss_ssh_authorizedkeys
sss_ssh_knownhostsproxy
st4topgm
startx
stat
static-sh
stdbuf
strace
strace-log-merge
stream
stream-im6
stream-im6.q16
streamzip
strings
strip
stty
sty2dtx
su
sudo
sudoedit
sudoreplay
sum
sunicontopnm
svgtopam
svn-multi
switcherooctl
sync
synctex
syntax_suggest3.2
systemctl
systemd
systemd-ac-power
systemd-analyze
systemd-ask-password
systemd-cat
systemd-cgls
systemd-cgtop
systemd-confext
systemd-creds
systemd-cryptenroll
systemd-cryptsetup
systemd-delta
systemd-detect-virt
systemd-escape
systemd-firstboot
systemd-hwdb
systemd-id128
systemd-inhibit
systemd-machine-id-setup
systemd-mount
systemd-notify
systemd-path
systemd-repart
systemd-run
systemd-socket-activate
systemd-stdio-bridge
systemd-sysext
systemd-sysusers
systemd-tmpfiles
systemd-tty-ask-password-agent
systemd-umount
t1ascii
t1asm
t1binary
t1c2pfb
t1disasm
t1dotlessj
t1lint
t1mac
t1rawafm
t1reencode
t1testpage
t1unmac
t4ht
tabs
tac
tail
tangle
tapestat
tar
taskset
tbl
tclsh
tclsh8.6
tcpdump
teckit_compile
tecla
tee
telnet
tempfile
test
tex
tex2aspc
tex4ebook
tex4ht
texconfig
texconfig-dialog
texconfig-sys
texcount
texdef
texdiff
texdirflatten
texdoc
texdoctk
texfind
texfindpkg
texfont
texfot
texhash
texi2any
texi2dvi
texi2pdf
texindex
texlinks
texliveonfly
texloganalyser
texlogfilter
texlogsieve
texlua
texluac
texosquery
texosquery-jre5
texosquery-jre8
texplate
texsis
tftopl
tgatoppm
thinkjettopbm
thumbpdf
tic
tie
tifftopnm
tificc
tikztosvg
time
timedatectl
timeout
tjbench
tlmgr
tload
tl-paper
tnftp
toe
top
touch
tpic2pdftex
tput
tr
trace-cmd
tracepath
tracker3
tracker3-daemon
tracker3-endpoint
tracker3-export
tracker3-extract
tracker3-help
tracker3-import
tracker3-index
tracker3-info
tracker3-reset
tracker3-search
tracker3-sparql
tracker3-sql
tracker3-status
tracker3-tag
transicc
translit
transset
troff
true
truncate
trust
tset
tsort
ttf2afm
ttf2kotexfont
ttf2pk
ttf2tfm
ttfdump
ttftotype42
tty
turbostat
twill
txixml2texi
txtconv
typeoutfileinfo
typeprof3.2
tzselect
ua
ubuntu-advantage
ubuntu-bug
ubuntu-distro-info
ubuntu-drivers
ubuntu-report
ubuntu-security-status
ucf
ucfq
ucfr
uclampset
ucs2any
udevadm
udisksctl
ul
ulqda
umax_pp
umount
uname
unattended-upgrade
unattended-upgrades
uncompress
unexpand
unicode_start
unicode_stop
uniq
unity-scope-loader
unlink
unlzma
unmkinitramfs
unopkg
unshare
unsquashfs
unxz
unzip
unzipsfx
unzstd
upbibtex
update-alternatives
update-desktop-database
update-manager
update-mime-database
update-notifier
update-perl-sax-parsers
update_rubygems
updmap
updmap-sys
updmap-user
updvitomp
updvitype
uplatex
uplatex-dev
upmendex
upmpost
upower
uppltotf
uptex
uptftopl
uptime
urlbst
usb-devices
usbhid-dump
usbip
usbipd
usb_printerid
usbreset
users
utf8mex
utmpdump
uuidgen
uuidparse
uxterm
valgrind
valgrind.bin
valgrind-di-server
valgrind-listener
varlinkctl
vboxballoonctrl
VBoxBalloonCtrl
vboxheadless
VBoxHeadless
vbox-img
vboximg-mount
vboxmanage
VBoxManage
vboxsdl
VBoxSDL
vboxwebsrv
vcs-run
vdir
vftovp
vgdb
vi
view
viewres
vim
vim.basic
vimdiff
vim.tiny
vimtutor
virtualbox
VirtualBox
virtualboxvm
VirtualBoxVM
vlna
vmstat
vmwarectrl
vpe
vpl2ovp
vpl2vpl
vprerex
vptovf
vstp
w
wall
watch
watchgnupg
wbmptopbm
wc
wdctl
weave
webquiz
wget
whatis
whereis
which
which.debianutils
whiptail
who
whoami
whoopsie
whoopsie-preferences
winicontopam
winicontoppm
wireplumber
wish
wish8.6
wmdocker
wofm2opl
wopl2ofm
word-list-compress
wovf2ovp
wovp2ovf
wpa_passphrase
wpctl
wpexec
write
wrjpgcom
X
X11
x11perf
x11perfcomp
x86_64
x86_64-linux-gnu-addr2line
x86_64-linux-gnu-ar
x86_64-linux-gnu-as
x86_64-linux-gnu-c++filt
x86_64-linux-gnu-cpp
x86_64-linux-gnu-cpp-13
x86_64-linux-gnu-dwp
x86_64-linux-gnu-elfedit
x86_64-linux-gnu-g++
x86_64-linux-gnu-g++-13
x86_64-linux-gnu-gcc
x86_64-linux-gnu-gcc-13
x86_64-linux-gnu-gcc-ar
x86_64-linux-gnu-gcc-ar-13
x86_64-linux-gnu-gcc-nm
x86_64-linux-gnu-gcc-nm-13
x86_64-linux-gnu-gcc-ranlib
x86_64-linux-gnu-gcc-ranlib-13
x86_64-linux-gnu-gcov
x86_64-linux-gnu-gcov-13
x86_64-linux-gnu-gcov-dump
x86_64-linux-gnu-gcov-dump-13
x86_64-linux-gnu-gcov-tool
x86_64-linux-gnu-gcov-tool-13
x86_64-linux-gnu-gold
x86_64-linux-gnu-gp-archive
x86_64-linux-gnu-gp-collect-app
x86_64-linux-gnu-gp-display-html
x86_64-linux-gnu-gp-display-src
x86_64-linux-gnu-gp-display-text
x86_64-linux-gnu-gprof
x86_64-linux-gnu-gprofng
x86_64-linux-gnu-ld
x86_64-linux-gnu-ld.bfd
x86_64-linux-gnu-ld.gold
x86_64-linux-gnu-lto-dump
x86_64-linux-gnu-lto-dump-13
x86_64-linux-gnu-nm
x86_64-linux-gnu-objcopy
x86_64-linux-gnu-objdump
x86_64-linux-gnu-python3.12-config
x86_64-linux-gnu-python3-config
x86_64-linux-gnu-ranlib
x86_64-linux-gnu-readelf
x86_64-linux-gnu-size
x86_64-linux-gnu-strings
x86_64-linux-gnu-strip
x86_energy_perf_policy
xargs
xauth
xbiff
xbmtopbm
xbrlapi
xcalc
xclipboard
xclock
xcmsdb
xconsole
xcursorgen
xcutsel
xdg-dbus-proxy
xdg-desktop-icon
xdg-desktop-menu
xdg-email
xdg-icon-resource
xdg-mime
xdg-open
xdg-screensaver
xdg-settings
xdg-user-dir
xdg-user-dirs-gtk-update
xdg-user-dirs-update
xditview
xdpyinfo
xdriinfo
xdvi
xdvi.bin
xdvipdfmx
xdvi-xaw
xedit
xelatex
xelatex-dev
Xephyr
xetex
xev
xeyes
xfd
xfontsel
xgamma
xgc
xhlatex
xhost
ximtoppm
xindex
xinit
xinput
xkbbell
xkbcomp
xkbevd
xkbprint
xkbvleds
xkbwatch
xkeystone
xkill
xload
xlogo
xlsatoms
xlsclients
xlsfonts
xmag
xman
xmessage
xml2pmx
xmltex
xmodmap
xmore
Xorg
xpmtoppm
xprop
xqxdecode
xrandr
xrdb
xrefresh
xscreensaver
xscreensaver-command
xscreensaver-demo
xscreensaver-settings
x-session-manager
xset
xsetmode
xsetpointer
xsetroot
xsetwacom
xsm
xstdcmap
xsubpp
xterm
x-terminal-emulator
xvidtune
xvinfo
xvminitoppm
Xwayland
xwd
xwdtopnm
xwininfo
xwud
x-www-browser
xxd
xz
xzcat
xzcmp
xzdiff
xzegrep
xzfgrep
xzgrep
xzless
xzmore
ybmtopbm
yelp
yes
ypdomainname
yplan
yuvsplittoppm
yuvtoppm
yuy2topam
zcat
zcmp
zdiff
zdump
zegrep
zeisstopnm
zenity
zfgrep
zforce
zgrep
zip
zipcloak
zipdetails
zipgrep
zipinfo
zipnote
zipsplit
zjsdecode
zless
zmore
znew
zstd
zstdcat
zstdgrep
zstdless
zstdmt
[
411toppm
a2ping
a5booklet
a5toa4
aa-enabled
aa-exec
aa-features-abi
aconnect
acpidbg
add-apt-repository
addpart
addr2line
adhocfilelist
afm2afm
afm2pl
afm2tfm
airscan-discover
aleph
allcm
allec
allneeded
alsabat
alsaloop
alsamixer
alsatplg
alsaucm
amidi
amixer
amstex
animate
animate-im6
animate-im6.q16
anytopnm
apg
apgbfm
aplay
aplaymidi
apport-bug
apport-cli
apport-collect
apport-unpack
appres
appstreamcli
apropos
apt
apt-add-repository
apt-cache
apt-cdrom
apt-config
aptdcon
apt-extracttemplates
apt-ftparchive
apt-get
apt-key
apt-mark
apt-sortpkgs
ar
arara
arch
arecord
arecordmidi
arlatex
arm2hpdl
as
asciitopgm
aseqdump
aseqnet
aspell
aspell-import
asy
atktopbm
atobm
authorindex
autoinst
autosp
avstopam
awk
axfer
axohelp
b2sum
baobab
base32
base64
basename
basenc
bash
bashbug
bbl2bib
bbox
bc
bdftopcf
bdftruncate
bg5conv
bg5+latex
bg5latex
bg5+pdflatex
bg5pdflatex
bib2gls
bibdoiadd
biber
bibexport
bibmradd
bibtex
bibtex8
bibtex.original
bibtexu
biburl2doi
bibzbladd
bioradtopgm
bitmap
bluemoon
bluetoothctl
bluetooth-sendto
bmptopnm
bmptoppm
bmtoa
boltctl
bpftrace
bpftrace-aotrt
brltty
brltty-atb
brltty-clip
brltty-ctb
brltty-hid
brltty-ktb
brltty-lscmds
brltty-morse
brltty-trtxt
brltty-ttb
brltty-tune
broadwayd
browse
brushtopbm
btattach
btmgmt
btmon
bundle3.2
bundledoc
bundler3.2
bunzip2
busctl
busybox
bwrap
bzcat
bzcmp
bzdiff
bzegrep
bzexe
bzfgrep
bzgrep
bzip2
bzip2recover
bzless
bzmore
c++
c89
c89-gcc
c99
c99-gcc
cachepic
calibrate_ppa
callgrind_annotate
callgrind_control
cameratopam
canberra-gtk-play
cancel
captoinfo
cat
catman
cc
cd-create-profile
cd-fix-profile
cd-iccdump
cd-it8
cef5conv
cef5latex
cef5pdflatex
cefconv
ceflatex
cefpdflatex
cefsconv
cefslatex
cefspdflatex
cfftot1
c++filt
cg_annotate
cg_diff
cg_merge
chacl
chage
chardet
chardetect
chartex
chattr
chcon
checkcites
check-language-support
checklistings
chfn
chgrp
chkdvifont
chklref
chktex
chkweb
chmod
choom
chown
chrt
chsh
chvt
cifsiostat
ciptool
cistopbm
cjk-gs-integrate
cjpeg
ckbcomp
cksum
clear
clear_console
cloud-id
cloud-init
cloud-init-per
cluttex
cmp
cmuwmtopbm
code
codepage
col
colcrt
colormgr
colrm
column
comm
compare
compare-im6
compare-im6.q16
composite
composite-im6
composite-im6.q16
conjure
conjure-im6
conjure-im6.q16
context
context.lua
convbkmk
convert
convertgls2bib
convert-im6
convert-im6.q16
corelist
cp
cpan
cpan5.38-x86_64-linux-gnu
cpio
cpp
cpp-13
cpupower
c_rehash
crontab
csplain
csplit
ctanbib
ctangle
ctanify
ctan-o-mat
ctanupload
ctie
ctstat
ctwill
ctwill-refsort
ctwill-twinx
cupstestppd
curl
cut
cvt
cvtsudoers
cweave
dash
date
dbus-cleanup-sockets
dbus-daemon
dbus-monitor
dbus-run-session
dbus-send
dbus-update-activation-environment
dbus-uuidgen
dbxtool
dc
dconf
dd
ddbugtopbm
ddstdecode
deallocvt
debconf
debconf-apt-progress
debconf-communicate
debconf-copydb
debconf-escape
debconf-set-selections
debconf-show
debian-distro-info
deb-systemd-helper
deb-systemd-invoke
delpart
delv
de-macro
depythontex
desktop-file-edit
desktop-file-install
desktop-file-validate
detex
devnag
deweb
df
dh_bash-completion
dh_installtex
dh_installxmlcatalogs
dh_perl_openssl
diadia
diff
diff3
dig
digestif
dir
dircolors
dirmngr
dirmngr-client
dirname
disdvi
display
display-im6
display-im6.q16
distro-info
djpeg
dmesg
dnsdomainname
domainname
do-release-upgrade
dosepsbin
dpkg
dpkg-architecture
dpkg-buildapi
dpkg-buildflags
dpkg-buildpackage
dpkg-buildtree
dpkg-checkbuilddeps
dpkg-deb
dpkg-distaddfile
dpkg-divert
dpkg-genbuildinfo
dpkg-genchanges
dpkg-gencontrol
dpkg-gensymbols
dpkg-maintscript-helper
dpkg-mergechangelogs
dpkg-name
dpkg-parsechangelog
dpkg-query
dpkg-realpath
dpkg-scanpackages
dpkg-scansources
dpkg-shlibdeps
dpkg-source
dpkg-split
dpkg-statoverride
dpkg-trigger
dpkg-vendor
driverless
driverless-fax
dt2dv
dtxgen
du
dumpkeys
dv2dt
dvi2fax
dvi2tty
dviasm
dvibook
dviconcat
dvicopy
dvidvi
dvigif
dvihp
dviinfox
dvilj
dvilj2p
dvilj4
dvilj4l
dvilj6
dvilualatex
dvilualatex-dev
dviluatex
dvipdf
dvipdfm
dvipdfmx
dvipdft
dvipng
dvipos
dvips
dvired
dviselect
dvispc
dvisvgm
dvitodvi
dvitomp
dvitype
dwp
e2pall
eatmydata
ebb
ec2metadata
echo
ed
editor
editres
efibootdump
efibootmgr
egrep
eject
elfedit
enc2xs
encguess
enchant-2
enchant-lsmod-2
env
envsubst
eog
eplain
eps2eps
epsffit
epspdf
epspdftk
epstopdf
eptex
eqn
erb
erb3.2
esc-m
escp2topbm
etex
euptex
eutp
evince
evince-previewer
evince-thumbnailer
ex
exceltex
exifautotran
expand
expiry
expr
extconv
extractbb
extractres
eyuvtoppm
factor
faillog
faked-sysv
faked-tcp
fakeroot
fakeroot-sysv
fakeroot-tcp
fallocate
false
fbstat
fbsvcmgr
fc-cache
fc-cat
fc-conflist
fc-list
fc-match
fc-pattern
fc-query
fc-scan
fc-validate
feynmf
fgconsole
fgrep
fiascotopnm
fig4latex
file
file2brl
find
findhyph
findmnt
findrule
firefox
fitstopnm
fixdlsrps
fixfmps
fixpsditps
fixpspps
fixscribeps
fixtpps
fixwfwps
fixwpps
fixwwps
flock
fmt
fmtutil
fmtutil-sys
fmtutil-user
fold
fontinst
fonttosfnt
foo2ddst
foo2ddst-wrapper
foo2hbpl2
foo2hbpl2-wrapper
foo2hiperc
foo2hiperc-wrapper
foo2hp
foo2hp2600-wrapper
foo2lava
foo2lava-wrapper
foo2oak
foo2oak-wrapper
foo2qpdl
foo2qpdl-wrapper
foo2slx
foo2slx-wrapper
foo2xqx
foo2xqx-wrapper
foo2zjs
foo2zjs-icc2ps
foo2zjs-pstops
foo2zjs-wrapper
foomatic-rip
fprintd-delete
fprintd-enroll
fprintd-list
fprintd-verify
fragmaster
free
fstopgm
ftp
funzip
fuser
fusermount
fusermount3
fwupdmgr
fwupdtool
g++
g++-13
g3topbm
gamemoded
gamma4scanimage
gapplication
gatttool
gbak
gbklatex
gbkpdflatex
gcalccmd
gcc
gcc-13
gcc-ar
gcc-ar-13
gcc-nm
gcc-nm-13
gcc-ranlib
gcc-ranlib-13
gcore
gcov
gcov-13
gcov-dump
gcov-dump-13
gcov-tool
gcov-tool-13
gcr-viewer
gcr-viewer-gtk4
gdb
gdb-add-index
gdbtui
gdbus
gdk-pixbuf-csource
gdk-pixbuf-pixdata
gdk-pixbuf-thumbnailer
gdm-config
gdmflexiserver
gdm-screenshot
gem
gem3.2
gemtopbm
gemtopnm
gencat
geqn
GET
getafm
getconf
getent
getfacl
getkeycodes
getmapdl
getopt
gettext
gettext.sh
gfix
gftodvi
gftopk
gftype
ghostscript
giftopnm
ginstall-info
gio
gio-querymodules
gipddecode
git
git-latexdiff
git-receive-pack
git-shell
git-upload-archive
git-upload-pack
gjs
gjs-console
gkbd-keyboard-display
glib-compile-schemas
gmake
gnome-calculator
gnome-characters
gnome-clocks
gnome-control-center
gnome-disk-image-mounter
gnome-disks
gnome-extensions
gnome-font-viewer
gnome-help
gnome-keyring
gnome-keyring-3
gnome-keyring-daemon
gnome-language-selector
gnome-logs
gnome-power-statistics
gnome-session
gnome-session-inhibit
gnome-session-properties
gnome-session-quit
gnome-shell
gnome-shell-extension-tool
gnome-shell-test-tool
gnome-system-monitor
gnome-terminal
gnome-terminal.real
gnome-terminal.wrapper
gnome-text-editor
gnome-thumbnail-font
gnome-www-browser
gold
gouldtoppm
gp-archive
gpasswd
gp-collect-app
gp-display-html
gp-display-src
gp-display-text
gpg
gpg-agent
gpgconf
gpg-connect-agent
gpgparsemail
gpgsm
gpgsplit
gpgtar
gpgv
gpg-wks-client
gpic
gpre
gprof
gprofng
gpu-manager
grdctl
gregorio
grep
gresource
groff
grog
grops
grotty
groups
growpart
grub-editenv
grub-file
grub-fstest
grub-glue-efi
grub-kbdcomp
grub-menulst2cfg
grub-mkfont
grub-mkimage
grub-mklayout
grub-mknetdir
grub-mkpasswd-pbkdf2
grub-mkrelpath
grub-mkrescue
grub-mkstandalone
grub-mount
grub-render-label
grub-script-check
grub-syslinux2cfg
gs
gsbj
gsdj
gsdj500
gsec
gsettings
gsftopk
gslj
gslp
gsnd
gst-device-monitor-1.0
gst-discoverer-1.0
gst-inspect-1.0
gst-launch-1.0
gst-play-1.0
gstreamer-codec-install
gst-stats-1.0
gst-tester-1.0
gst-typefind-1.0
gtbl
gted
gtf
gtk4-broadwayd
gtk4-builder-tool
gtk4-encode-symbolic-svg
gtk4-launch
gtk4-path-tool
gtk4-query-settings
gtk4-rendernode-tool
gtk4-update-icon-cache
gtk-builder-tool
gtk-encode-symbolic-svg
gtk-launch
gtk-query-settings
gtk-update-icon-cache
gunzip
gzexe
gzip
h2ph
h2xs
hardlink
hbf2gf
hbpldecode
hciattach
hciconfig
hcitool
hd
hdifftopam
head
HEAD
heif-thumbnailer
helpztags
hex2hcd
hexdump
hilatex
hipercdecode
hipstopgm
hishrink
histretch
hitex
host
hostid
hostname
hostnamectl
hp-align
hpcdtoppm
hp-check
hp-clean
hp-colorcal
hp-config_usb_printer
hp-doctor
hp-firmware
hp-info
hp-levels
hp-logcapture
hp-makeuri
hp-pkservice
hp-plugin
hp-plugin-ubuntu
hp-probe
hp-query
hp-scan
hp-setup
hp-testpage
hp-timedate
ht
htcopy
htlatex
htmex
htmove
httex
httexi
htxelatex
htxetex
hwe-support-status
i386
ibus
ibus-daemon
ibus-setup
ibus-table-createdb
iceauth
ico
icontopbm
iconv
id
identify
identify-im6
identify-im6.q16
iecset
ijs_pxljr
ilbmtoppm
imagetops
im-config
imgtoppm
im-launch
import
import-im6
import-im6.q16
includeres
inetutils-telnet
info
infobrowser
infocmp
infotocap
infotopam
inimf
initex
inputattach
install
installfont-tl
install-info
instmodsh
intel-virtual-output
ionice
iostat
ip
ipcmk
ipcrm
ipcs
ippfind
ipptool
iptables-xml
irb
irb3.2
ischroot
isdv4-serial-debugger
isdv4-serial-inputattach
ispell-wrapper
isql-fb
jadetex
jamo-normalize
java
jbigtopnm
jexec
jfmutil
join
journalctl
jpackage
jpeg2ktopam
jpegexiforient
jpegtopnm
jpegtran
jpgicc
jq
jsondiff
jsonpatch
json-patch-jsondiff
jsonpointer
json_pp
jsonschema
json_xs
JxrDecApp
JxrEncApp
kanji-config-updmap
kanji-config-updmap-sys
kanji-config-updmap-user
kanji-fontmap-creator
kbdinfo
kbd_mode
kbxutil
kernel-install
kerneloops-submit
ketcindy
keytool
kill
killall
kmod
kmodsign
koi8rxterm
komkindex
kpseaccess
kpsepath
kpsereadlink
kpsestat
kpsetool
kpsewhere
kpsewhich
kpsexpand
l2ping
l2test
l3build
l4p-tmpl
lacheck
laptop-detect
last
lastb
lastlog
latex
latex2man
latex2nemeth
latexdef
latex-dev
latexdiff
latexdiff-cvs
latexdiff-fast
latexdiff-git
latexdiff-hg
latexdiff-rcs
latexdiff-svn
latexdiff-vc
latexfileversion
latex-git-log
latexindent
latexmk
latexpand
latex-papersize
latexrevise
latex-wordcount
lavadecode
lcf
ld
ldapadd
ldapcompare
ldapdelete
ldapexop
ldapmodify
ldapmodrdn
ldappasswd
ldapsearch
ldapurl
ldapwhoami
ld.bfd
ldd
ld.gold
ld.so
leaftoppm
less
lessecho
lessfile
lesskey
lesspipe
lexgrog
libnetcfg
libreoffice
lily-glyph-commands
lily-image-commands
lily-rebuild-pdfs
link
linkicc
linux32
linux64
linux-boot-prober
linux-check-removal
linux-update-symlinks
linux-version
lispmtopgm
listbib
listings-ext
listres
lldb
lldb-18
lldb-argdumper
lldb-argdumper-18
lldb-dap-18
lldb-instr-18
lldb-server
lldb-server-18
llmk
ln
lnstat
loadkeys
loadunimap
lobase
localc
locale
locale-check
localectl
localedef
lodraw
loffice
lofromtemplate
logger
login
loginctl
logname
loimpress
lollipop
lomath
look
loweb
lowntfs-3g
lowriter
lp
lpoptions
lpq
lpr
lprm
lp_solve
lpstat
ls
lsattr
lsblk
lsb_release
lscpu
lshw
lsinitramfs
lsipc
lslocks
lslogins
lsmem
lsmod
lsns
lsof
lspci
lspgpot
lspower
lsusb
lto-dump
lto-dump-13
ltx2crossrefxml
ltx2unitxt
ltxfileinfo
ltximg
luahbtex
lualatex
lualatex-dev
luametatex
luaotfload-tool
luatex
lwarpmk
lwp-download
lwp-dump
lwp-mirror
lwp-request
lxterm
lzcat
lzcmp
lzdiff
lzegrep
lzfgrep
lzgrep
lzless
lzma
lzmainfo
lzmore
m17n-db
m2300w
m2300w-wrapper
m2400w
macptopbm
mag
make
make4ht
makedtx
make-first-existing-target
makeglossaries
makeglossaries-lite
makeindex
makeinfo
makejvf
man
mandb
manpath
man-recode
mapscrn
markdown-it
match_parens
mathspic
mawk
mbimcli
mbim-network
mcookie
md5sum
md5sum.textutils
mdatopbm
mdig
memhog
memusage
memusagestat
mendex
mesa-overlay-control.py
mesg
mex
mf
mf2pt1
mflua
mflua-nowin
mf-nowin
mfplain
mft
mgrtopbm
migratepages
migrate-pubring-from-classic-gpg
migspeed
mimeopen
mimetype
min12xxw
mk4ht
mkdir
mkfifo
mkfontdir
mkfontscale
mkgrkindex
mkindex
mkjobtexmf
mk_modmap
mknod
mkocp
mkofm
mkpic
mksquashfs
mkt1font
mktemp
mktexfmt
mktexlsr
mktexmf
mktexpk
mktextfm
mllatex
mltex
mmafm
mmcli
mmpfb
mogrify
mogrify-im6
mogrify-im6.q16
mokutil
monitor-sensor
montage
montage-im6
montage-im6.q16
more
mount
mountpoint
mousetweaks
mpost
mpris-proxy
mpstat
mptopdf
mrftopbm
mscompress
msexpand
ms_print
msxlint
mt
mt-gnu
mtr
mtrace
mtr-packet
mtvtoppm
m-tx
mtxrun
mtxrun.lua
multibibliography
muraster
musixflx
musixtex
mutool
mv
namei
nano
nautilus
nautilus-autorun-software
nautilus-sendto
nawk
nbackup
nc
nc.openbsd
ncurses6-config
ncursesw6-config
neotoppm
neqn
netaddr
netcat
netstat
networkctl
networkd-dispatcher
newgrp
ngettext
nice
nisdomainname
nl
nm
nm-applet
nmcli
nm-connection-editor
nm-online
nmtui
nmtui-connect
nmtui-edit
nmtui-hostname
nohup
notify-send
nproc
nroff
nsenter
nslookup
nstat
nsupdate
ntfs-3g
ntfs-3g.probe
ntfscat
ntfscluster
ntfscmp
ntfsdecrypt
ntfsfallocate
ntfsfix
ntfsinfo
ntfsls
ntfsmove
ntfsrecover
ntfssecaudit
ntfstruncate
ntfsusermap
ntfswipe
numactl
numastat
numfmt
nvidia-detector
oakdecode
obexctl
objcopy
objdump
oclock
od
odvicopy
odvitype
oem-getlogs
ofm2opl
omfonts
on_ac_power
oomctl
open
openjade
openjade-1.4devel
openssl
openvt
opl2ofm
opldecode
optex
orca
orca-dm-wrapper
os-prober
ot2kpx
otangle
otfinfo
otftotfm
otp2ocp
outocp
ovf2ovp
ovp2ovf
p11-kit
pager
palmtopnm
pamaddnoise
pamaltsat
pamarith
pambackground
pambayer
pambrighten
pamcat
pamchannel
pamcomp
pamcrater
pamcut
pamdeinterlace
pamdepth
pamdice
pamditherbw
pamedge
pamendian
pamenlarge
pamexec
pamfile
pamfind
pamfix
pamfixtrunc
pamflip
pamfunc
pamgauss
pamgetcolor
pamgradient
pamhomography
pamhue
pamlevels
pamlookup
pammasksharpen
pammixinterlace
pammixmulti
pammosaicknit
pamoil
pampaintspill
pamperspective
pamphletangler
pampick
pampop9
pamrecolor
pamrestack
pamrgbatopng
pamrubber
pamscale
pamseq
pamshadedrelief
pamsharpmap
pamsharpness
pamshuffle
pamsistoaglyph
pamslice
pamsplit
pamstack
pamstereogram
pamstretch
pamstretch-gen
pamsumm
pamsummcol
pamtable
pamthreshold
pamtilt
pamtoavs
pamtodjvurle
pamtofits
pamtogif
pamtohdiff
pamtohtmltbl
pamtojpeg2k
pamtompfont
pamtooctaveimg
pamtopam
pamtopdbimg
pamtopfm
pamtopng
pamtopnm
pamtoqoi
pamtosrf
pamtosvg
pamtotga
pamtotiff
pamtouil
pamtowinicon
pamtoxvmini
pamtris
pamundice
pamunlookup
pamvalidate
pamwipeout
pamx
paperconf
partx
passwd
paste
patch
patgen
pathchk
pbibtex
pbmclean
pbmlife
pbmmake
pbmmask
pbmminkowski
pbmnoise
pbmpage
pbmpscale
pbmreduce
pbmtext
pbmtextps
pbmto10x
pbmto4425
pbmtoascii
pbmtoatk
pbmtobbnbg
pbmtocis
pbmtocmuwm
pbmtodjvurle
pbmtoepsi
pbmtoepson
pbmtoescp2
pbmtog3
pbmtogem
pbmtogo
pbmtoibm23xx
pbmtoicon
pbmtolj
pbmtoln03
pbmtolps
pbmtomacp
pbmtomatrixorbital
pbmtomda
pbmtomgr
pbmtomrf
pbmtonokia
pbmtopgm
pbmtopi3
pbmtopk
pbmtoplot
pbmtoppa
pbmtopsg3
pbmtoptx
pbmtosunicon
pbmtowbmp
pbmtox10bm
pbmtoxbm
pbmtoybm
pbmtozinc
pbmupc
pc1toppm
pcdindex
pcdovtoppm
pcxtoppm
pdb3
pdb3.12
pdbimgtopam
pdf2dsc
pdf2ps
pdfannotextractor
pdfatfi
pdfattach
pdfbook2
pdfclose
pdfcrop
pdfcsplain
pdfdetach
pdfetex
pdffonts
pdfimages
pdfinfo
pdfjadetex
pdfjam
pdflatex
pdflatex-dev
pdflatexpicscale
pdfmex
pdfopen
pdfseparate
pdfsig
pdftex
pdftexi2dvi
pdftex-quiet
pdftocairo
pdftohtml
pdftoppm
pdftops
pdftosrc
pdftotext
pdftrimwhite
pdfunite
pdfxmltex
pdfxup
pdvitomp
pdvitype
pedigree
peekfd
perf
perl
perl5.38.2
perl5.38-x86_64-linux-gnu
perlbug
perldoc
perli11ndoc
perlivp
perltex
perlthanks
pf2afm
pfarrei
pfb2pfa
pfb2t1c
pfbtopfa
pfmtopam
pgmabel
pgmbentley
pgmcrater
pgmdeshadow
pgmedge
pgmenhance
pgmhist
pgmkernel
pgmmake
pgmmedian
pgmminkowski
pgmmorphconv
pgmnoise
pgmnorm
pgmoil
pgmramp
pgmslice
pgmtexture
pgmtofs
pgmtolispm
pgmtopbm
pgmtopgm
pgmtoppm
pgmtosbig
pgmtost4
pgrep
pi1toppm
pi3topbm
pic
pico
piconv
pidof
pidstat
pidwait
pinentry
pinentry-curses
pinentry-gnome3
pinentry-x11
ping
ping4
ping6
pinky
pip
pip3
pip3.12
pipewire
pipewire-aes67
pipewire-avb
pipewire-pulse
pjtoppm
pk2bm
pkaction
pkcheck
pkcon
pkexec
pkfix
pkfix-helper
pkill
pkmon
pktogf
pktopbm
pkttyagent
pktype
pl2pm
platex
platex-dev
pldd
plog
pltotf
plymouth
pmap
pmpost
pmxab
pmxchords
pn2pdf
pngtopam
pngtopnm
pnm2ppa
pnmalias
pnmarith
pnmcat
pnmcolormap
pnmcomp
pnmconvol
pnmcrop
pnmcut
pnmdepth
pnmenlarge
pnmfile
pnmflip
pnmgamma
pnmhisteq
pnmhistmap
pnmindex
pnminterp
pnminterp-gen
pnminvert
pnmmargin
pnmmercator
pnmmontage
pnmnlfilt
pnmnoraw
pnmnorm
pnmpad
pnmpaste
pnmpsnr
pnmquant
pnmquantall
pnmremap
pnmrotate
pnmscale
pnmscalefixed
pnmshear
pnmsmooth
pnmsplit
pnmstitch
pnmtile
pnmtoddif
pnmtofiasco
pnmtofits
pnmtojbig
pnmtojpeg
pnmtopalm
pnmtopclxl
pnmtoplainpnm
pnmtopng
pnmtopnm
pnmtops
pnmtorast
pnmtorle
pnmtosgi
pnmtosir
pnmtotiff
pnmtotiffcmyk
pnmtoxwd
pod2html
pod2man
pod2texi
pod2text
pod2usage
podchecker
poff
pon
pooltype
POST
powerprofilesctl
ppdc
ppdhtml
ppdi
ppdmerge
ppdpo
pphs
ppltotf
ppm3d
ppmbrighten
ppmchange
ppmcie
ppmcolormask
ppmcolors
ppmdcfont
ppmddumpfont
ppmdim
ppmdist
ppmdither
ppmdmkfont
ppmdraw
ppmfade
ppmflash
ppmforge
ppmglobe
ppmhist
ppmlabel
ppmmake
ppmmix
ppmnorm
ppmntsc
ppmpat
ppmquant
ppmquantall
ppmrainbow
ppmrelief
ppmrough
ppmshadow
ppmshift
ppmspread
ppmtoacad
ppmtoapplevol
ppmtoarbtxt
ppmtoascii
ppmtobmp
ppmtoeyuv
ppmtogif
ppmtoicr
ppmtoilbm
ppmtojpeg
ppmtoleaf
ppmtolj
ppmtomap
ppmtomitsu
ppmtompeg
ppmtoneo
ppmtopcx
ppmtopgm
ppmtopi1
ppmtopict
ppmtopj
ppmtopjxl
ppmtoppm
ppmtopuzz
ppmtorgb3
ppmtosixel
ppmtospu
ppmtoterm
ppmtotga
ppmtouil
ppmtowinicon
ppmtoxpm
ppmtoyuv
ppmtoyuvsplit
ppmtv
ppmwheel
pr
precat
preconv
prepmx
prerex
preunzip
prezip
prezip-bin
printafm
printenv
printer-profile
printf
prlimit
pro
prove
prtstat
ps
ps2ascii
ps2eps
ps2epsi
ps2frag
ps2pdf
ps2pdf12
ps2pdf13
ps2pdf14
ps2pdfwr
ps2pk
ps2ps
ps2ps2
ps2txt
ps4pdf
psbook
psfaddtable
psfgettable
psfstriptable
psfxtable
psicc
psidtopgm
psjoin
pslatex
pslog
psmerge
psnup
psresize
psselect
pst2pdf
pstoedit
pstopnm
pstops
pstree
pstree.x11
ptar
ptardiff
ptargrep
ptex
ptex2pdf
ptftopl
ptx
purifyeps
pw-cat
pw-cli
pw-config
pwd
pw-dot
pw-dsdplay
pw-dump
pwdx
pw-encplay
pw-link
pw-loopback
pw-metadata
pw-mididump
pw-midiplay
pw-midirecord
pw-mon
pw-play
pw-profiler
pw-record
pw-reserve
pw-top
py3clean
py3compile
py3versions
pybabel
pybabel-python3
pydoc3
pydoc3.12
pygettext3
pygettext3.12
pygmentex
pygmentize
pyserial-miniterm
pyserial-ports
python3
python3.12
python3.12-config
python3-config
pythontex
pzstd
qmicli
qmi-firmware-update
qmi-network
qoitopam
qpdldecode
qrttoppm
quirks-handler
racc3.2
rake
rake3.2
ranlib
rasttopnm
rawtopgm
rawtoppm
rbash
rbs3.2
rctest
rdbg3.2
rdjpgcom
rdma
rdoc
rdoc3.2
readelf
readlink
realpath
red
rename.ul
rendercheck
renice
repstopdf
reset
resize
resizecons
resizepart
resolvectl
rev
rfcomm
rgb3toppm
rgrep
ri
ri3.2
rlatopam
rletopnm
rm
rmdir
rmiregistry
r-mpost
rnano
routel
rpcgen
rpdfcrop
r-pmpost
rrsync
rstart
rstartd
rsync
rsync-ssl
rtla
rtstat
rubibtex
rubikrotation
ruby
ruby3.2
rumakeindex
runcon
run-parts
runtexshebang
run-with-aspell
r-upmpost
rview
rvim
rygel
sadf
sane-find-scanner
sar
sar.sysstat
savelog
sbattach
sbigtopgm
sbkeysync
sbsiglist
sbsign
sbvarsign
sbverify
scalar
scanimage
scor2prt
scp
scp-dbus-service
screen
screendump
script
scriptlive
scriptreplay
sdiff
sdptool
seahorse
sed
select-default-iwrap
select-editor
sensible-browser
sensible-editor
sensible-pager
sensible-terminal
seq
session-migration
sessreg
setarch
setfacl
setfont
setkeycodes
setleds
setlogcons
setmetamode
setpci
setpriv
setsid
setterm
setupcon
setxkbmap
sfconv
sftp
sg
sgitopnm
sh
sha1sum
sha224sum
sha256sum
sha384sum
sha512sum
shasum
showchar
showconsolefont
showkey
showrgb
shred
shuf
simpdftex
sirtopnm
size
sjisconv
sjislatex
sjispdflatex
skill
slabtop
sldtoppm
sleep
slogin
slxdecode
smproxy
snap
snapctl
snapfuse
snice
soelim
soffice
software-properties-gtk
sort
sotruss
spa-acp-tool
spa-inspect
spa-json-dump
spa-monitor
spa-resample
spctoppm
spd-conf
spd-say
spdsend
speaker-test
speech-dispatcher
spice-vdagent
spix
splain
split
splitfont
splitindex
spottopgm
sprof
sputoppm
sqfscat
sqfstar
srcredact
srftopam
ss
ssh
ssh-add
ssh-agent
ssh-argv0
ssh-copy-id
ssh-keygen
ssh-keyscan
sss_ssh_authorizedkeys
sss_ssh_knownhostsproxy
st4topgm
startx
stat
static-sh
stdbuf
strace
strace-log-merge
stream
stream-im6
stream-im6.q16
streamzip
strings
strip
stty
sty2dtx
su
sudo
sudoedit
sudoreplay
sum
sunicontopnm
svgtopam
svn-multi
switcherooctl
sync
synctex
syntax_suggest3.2
systemctl
systemd
systemd-ac-power
systemd-analyze
systemd-ask-password
systemd-cat
systemd-cgls
systemd-cgtop
systemd-confext
systemd-creds
systemd-cryptenroll
systemd-cryptsetup
systemd-delta
systemd-detect-virt
systemd-escape
systemd-firstboot
systemd-hwdb
systemd-id128
systemd-inhibit
systemd-machine-id-setup
systemd-mount
systemd-notify
systemd-path
systemd-repart
systemd-run
systemd-socket-activate
systemd-stdio-bridge
systemd-sysext
systemd-sysusers
systemd-tmpfiles
systemd-tty-ask-password-agent
systemd-umount
t1ascii
t1asm
t1binary
t1c2pfb
t1disasm
t1dotlessj
t1lint
t1mac
t1rawafm
t1reencode
t1testpage
t1unmac
t4ht
tabs
tac
tail
tangle
tapestat
tar
taskset
tbl
tclsh
tclsh8.6
tcpdump
teckit_compile
tecla
tee
telnet
tempfile
test
tex
tex2aspc
tex4ebook
tex4ht
texconfig
texconfig-dialog
texconfig-sys
texcount
texdef
texdiff
texdirflatten
texdoc
texdoctk
texfind
texfindpkg
texfont
texfot
texhash
texi2any
texi2dvi
texi2pdf
texindex
texlinks
texliveonfly
texloganalyser
texlogfilter
texlogsieve
texlua
texluac
texosquery
texosquery-jre5
texosquery-jre8
texplate
texsis
tftopl
tgatoppm
thinkjettopbm
thumbpdf
tic
tie
tifftopnm
tificc
tikztosvg
time
timedatectl
timeout
tjbench
tlmgr
tload
tl-paper
tnftp
toe
top
touch
tpic2pdftex
tput
tr
trace-cmd
tracepath
tracker3
tracker3-daemon
tracker3-endpoint
tracker3-export
tracker3-extract
tracker3-help
tracker3-import
tracker3-index
tracker3-info
tracker3-reset
tracker3-search
tracker3-sparql
tracker3-sql
tracker3-status
tracker3-tag
transicc
translit
transset
troff
true
truncate
trust
tset
tsort
ttf2afm
ttf2kotexfont
ttf2pk
ttf2tfm
ttfdump
ttftotype42
tty
turbostat
twill
txixml2texi
txtconv
typeoutfileinfo
typeprof3.2
tzselect
ua
ubuntu-advantage
ubuntu-bug
ubuntu-distro-info
ubuntu-drivers
ubuntu-report
ubuntu-security-status
ucf
ucfq
ucfr
uclampset
ucs2any
udevadm
udisksctl
ul
ulqda
umax_pp
umount
uname
unattended-upgrade
unattended-upgrades
uncompress
unexpand
unicode_start
unicode_stop
uniq
unity-scope-loader
unlink
unlzma
unmkinitramfs
unopkg
unshare
unsquashfs
unxz
unzip
unzipsfx
unzstd
upbibtex
update-alternatives
update-desktop-database
update-manager
update-mime-database
update-notifier
update-perl-sax-parsers
update_rubygems
updmap
updmap-sys
updmap-user
updvitomp
updvitype
uplatex
uplatex-dev
upmendex
upmpost
upower
uppltotf
uptex
uptftopl
uptime
urlbst
usb-devices
usbhid-dump
usbip
usbipd
usb_printerid
usbreset
users
utf8mex
utmpdump
uuidgen
uuidparse
uxterm
valgrind
valgrind.bin
valgrind-di-server
valgrind-listener
varlinkctl
vboxballoonctrl
VBoxBalloonCtrl
vboxheadless
VBoxHeadless
vbox-img
vboximg-mount
vboxmanage
VBoxManage
vboxsdl
VBoxSDL
vboxwebsrv
vcs-run
vdir
vftovp
vgdb
vi
view
viewres
vim
vim.basic
vimdiff
vim.tiny
vimtutor
virtualbox
VirtualBox
virtualboxvm
VirtualBoxVM
vlna
vmstat
vmwarectrl
vpe
vpl2ovp
vpl2vpl
vprerex
vptovf
vstp
w
wall
watch
watchgnupg
wbmptopbm
wc
wdctl
weave
webquiz
wget
whatis
whereis
which
which.debianutils
whiptail
who
whoami
whoopsie
whoopsie-preferences
winicontopam
winicontoppm
wireplumber
wish
wish8.6
wmdocker
wofm2opl
wopl2ofm
word-list-compress
wovf2ovp
wovp2ovf
wpa_passphrase
wpctl
wpexec
write
wrjpgcom
X
X11
x11perf
x11perfcomp
x86_64
x86_64-linux-gnu-addr2line
x86_64-linux-gnu-ar
x86_64-linux-gnu-as
x86_64-linux-gnu-c++filt
x86_64-linux-gnu-cpp
x86_64-linux-gnu-cpp-13
x86_64-linux-gnu-dwp
x86_64-linux-gnu-elfedit
x86_64-linux-gnu-g++
x86_64-linux-gnu-g++-13
x86_64-linux-gnu-gcc
x86_64-linux-gnu-gcc-13
x86_64-linux-gnu-gcc-ar
x86_64-linux-gnu-gcc-ar-13
x86_64-linux-gnu-gcc-nm
x86_64-linux-gnu-gcc-nm-13
x86_64-linux-gnu-gcc-ranlib
x86_64-linux-gnu-gcc-ranlib-13
x86_64-linux-gnu-gcov
x86_64-linux-gnu-gcov-13
x86_64-linux-gnu-gcov-dump
x86_64-linux-gnu-gcov-dump-13
x86_64-linux-gnu-gcov-tool
x86_64-linux-gnu-gcov-tool-13
x86_64-linux-gnu-gold
x86_64-linux-gnu-gp-archive
x86_64-linux-gnu-gp-collect-app
x86_64-linux-gnu-gp-display-html
x86_64-linux-gnu-gp-display-src
x86_64-linux-gnu-gp-display-text
x86_64-linux-gnu-gprof
x86_64-linux-gnu-gprofng
x86_64-linux-gnu-ld
x86_64-linux-gnu-ld.bfd
x86_64-linux-gnu-ld.gold
x86_64-linux-gnu-lto-dump
x86_64-linux-gnu-lto-dump-13
x86_64-linux-gnu-nm
x86_64-linux-gnu-objcopy
x86_64-linux-gnu-objdump
x86_64-linux-gnu-python3.12-config
x86_64-linux-gnu-python3-config
x86_64-linux-gnu-ranlib
x86_64-linux-gnu-readelf
x86_64-linux-gnu-size
x86_64-linux-gnu-strings
x86_64-linux-gnu-strip
x86_energy_perf_policy
xargs
xauth
xbiff
xbmtopbm
xbrlapi
xcalc
xclipboard
xclock
xcmsdb
xconsole
xcursorgen
xcutsel
xdg-dbus-proxy
xdg-desktop-icon
xdg-desktop-menu
xdg-email
xdg-icon-resource
xdg-mime
xdg-open
xdg-screensaver
xdg-settings
xdg-user-dir
xdg-user-dirs-gtk-update
xdg-user-dirs-update
xditview
xdpyinfo
xdriinfo
xdvi
xdvi.bin
xdvipdfmx
xdvi-xaw
xedit
xelatex
xelatex-dev
Xephyr
xetex
xev
xeyes
xfd
xfontsel
xgamma
xgc
xhlatex
xhost
ximtoppm
xindex
xinit
xinput
xkbbell
xkbcomp
xkbevd
xkbprint
xkbvleds
xkbwatch
xkeystone
xkill
xload
xlogo
xlsatoms
xlsclients
xlsfonts
xmag
xman
xmessage
xml2pmx
xmltex
xmodmap
xmore
Xorg
xpmtoppm
xprop
xqxdecode
xrandr
xrdb
xrefresh
xscreensaver
xscreensaver-command
xscreensaver-demo
xscreensaver-settings
x-session-manager
xset
xsetmode
xsetpointer
xsetroot
xsetwacom
xsm
xstdcmap
xsubpp
xterm
x-terminal-emulator
xvidtune
xvinfo
xvminitoppm
Xwayland
xwd
xwdtopnm
xwininfo
xwud
x-www-browser
xxd
xz
xzcat
xzcmp
xzdiff
xzegrep
xzfgrep
xzgrep
xzless
xzmore
ybmtopbm
yelp
yes
ypdomainname
yplan
yuvsplittoppm
yuvtoppm
yuy2topam
zcat
zcmp
zdiff
zdump
zegrep
zeisstopnm
zenity
zfgrep
zforce
zgrep
zip
zipcloak
zipdetails
zipgrep
zipinfo
zipnote
zipsplit
zjsdecode
zless
zmore
znew
zstd
zstdcat
zstdgrep
zstdless
zstdmt
[
411toppm
a2ping
a5booklet
a5toa4
aa-enabled
aa-exec
aa-features-abi
aconnect
acpidbg
add-apt-repository
addpart
addr2line
adhocfilelist
afm2afm
afm2pl
afm2tfm
airscan-discover
aleph
allcm
allec
allneeded
alsabat
alsaloop
alsamixer
alsatplg
alsaucm
amidi
amixer
amstex
animate
animate-im6
animate-im6.q16
anytopnm
apg
apgbfm
aplay
aplaymidi
apport-bug
apport-cli
apport-collect
apport-unpack
appres
appstreamcli
apropos
apt
apt-add-repository
apt-cache
apt-cdrom
apt-config
aptdcon
apt-extracttemplates
apt-ftparchive
apt-get
apt-key
apt-mark
apt-sortpkgs
ar
arara
arch
arecord
arecordmidi
arlatex
arm2hpdl
as
asciitopgm
aseqdump
aseqnet
aspell
aspell-import
asy
atktopbm
atobm
authorindex
autoinst
autosp
avstopam
awk
axfer
axohelp
b2sum
baobab
base32
base64
basename
basenc
bash
bashbug
bbl2bib
bbox
bc
bdftopcf
bdftruncate
bg5conv
bg5+latex
bg5latex
bg5+pdflatex
bg5pdflatex
bib2gls
bibdoiadd
biber
bibexport
bibmradd
bibtex
bibtex8
bibtex.original
bibtexu
biburl2doi
bibzbladd
bioradtopgm
bitmap
bluemoon
bluetoothctl
bluetooth-sendto
bmptopnm
bmptoppm
bmtoa
boltctl
bpftrace
bpftrace-aotrt
brltty
brltty-atb
brltty-clip
brltty-ctb
brltty-hid
brltty-ktb
brltty-lscmds
brltty-morse
brltty-trtxt
brltty-ttb
brltty-tune
broadwayd
browse
brushtopbm
btattach
btmgmt
btmon
bundle3.2
bundledoc
bundler3.2
bunzip2
busctl
busybox
bwrap
bzcat
bzcmp
bzdiff
bzegrep
bzexe
bzfgrep
bzgrep
bzip2
bzip2recover
bzless
bzmore
c++
c89
c89-gcc
c99
c99-gcc
cachepic
calibrate_ppa
callgrind_annotate
callgrind_control
cameratopam
canberra-gtk-play
cancel
captoinfo
cat
catman
cc
cd-create-profile
cd-fix-profile
cd-iccdump
cd-it8
cef5conv
cef5latex
cef5pdflatex
cefconv
ceflatex
cefpdflatex
cefsconv
cefslatex
cefspdflatex
cfftot1
c++filt
cg_annotate
cg_diff
cg_merge
chacl
chage
chardet
chardetect
chartex
chattr
chcon
checkcites
check-language-support
checklistings
chfn
chgrp
chkdvifont
chklref
chktex
chkweb
chmod
choom
chown
chrt
chsh
chvt
cifsiostat
ciptool
cistopbm
cjk-gs-integrate
cjpeg
ckbcomp
cksum
clear
clear_console
cloud-id
cloud-init
cloud-init-per
cluttex
cmp
cmuwmtopbm
code
codepage
col
colcrt
colormgr
colrm
column
comm
compare
compare-im6
compare-im6.q16
composite
composite-im6
composite-im6.q16
conjure
conjure-im6
conjure-im6.q16
context
context.lua
convbkmk
convert
convertgls2bib
convert-im6
convert-im6.q16
corelist
cp
cpan
cpan5.38-x86_64-linux-gnu
cpio
cpp
cpp-13
cpupower
c_rehash
crontab
csplain
csplit
ctanbib
ctangle
ctanify
ctan-o-mat
ctanupload
ctie
ctstat
ctwill
ctwill-refsort
ctwill-twinx
cupstestppd
curl
cut
cvt
cvtsudoers
cweave
dash
date
dbus-cleanup-sockets
dbus-daemon
dbus-monitor
dbus-run-session
dbus-send
dbus-update-activation-environment
dbus-uuidgen
dbxtool
dc
dconf
dd
ddbugtopbm
ddstdecode
deallocvt
debconf
debconf-apt-progress
debconf-communicate
debconf-copydb
debconf-escape
debconf-set-selections
debconf-show
debian-distro-info
deb-systemd-helper
deb-systemd-invoke
delpart
delv
de-macro
depythontex
desktop-file-edit
desktop-file-install
desktop-file-validate
detex
devnag
deweb
df
dh_bash-completion
dh_installtex
dh_installxmlcatalogs
dh_perl_openssl
diadia
diff
diff3
dig
digestif
dir
dircolors
dirmngr
dirmngr-client
dirname
disdvi
display
display-im6
display-im6.q16
distro-info
djpeg
dmesg
dnsdomainname
domainname
do-release-upgrade
dosepsbin
dpkg
dpkg-architecture
dpkg-buildapi
dpkg-buildflags
dpkg-buildpackage
dpkg-buildtree
dpkg-checkbuilddeps
dpkg-deb
dpkg-distaddfile
dpkg-divert
dpkg-genbuildinfo
dpkg-genchanges
dpkg-gencontrol
dpkg-gensymbols
dpkg-maintscript-helper
dpkg-mergechangelogs
dpkg-name
dpkg-parsechangelog
dpkg-query
dpkg-realpath
dpkg-scanpackages
dpkg-scansources
dpkg-shlibdeps
dpkg-source
dpkg-split
dpkg-statoverride
dpkg-trigger
dpkg-vendor
driverless
driverless-fax
dt2dv
dtxgen
du
dumpkeys
dv2dt
dvi2fax
dvi2tty
dviasm
dvibook
dviconcat
dvicopy
dvidvi
dvigif
dvihp
dviinfox
dvilj
dvilj2p
dvilj4
dvilj4l
dvilj6
dvilualatex
dvilualatex-dev
dviluatex
dvipdf
dvipdfm
dvipdfmx
dvipdft
dvipng
dvipos
dvips
dvired
dviselect
dvispc
dvisvgm
dvitodvi
dvitomp
dvitype
dwp
e2pall
eatmydata
ebb
ec2metadata
echo
ed
editor
editres
efibootdump
efibootmgr
egrep
eject
elfedit
enc2xs
encguess
enchant-2
enchant-lsmod-2
env
envsubst
eog
eplain
eps2eps
epsffit
epspdf
epspdftk
epstopdf
eptex
eqn
erb
erb3.2
esc-m
escp2topbm
etex
euptex
eutp
evince
evince-previewer
evince-thumbnailer
ex
exceltex
exifautotran
expand
expiry
expr
extconv
extractbb
extractres
eyuvtoppm
factor
faillog
faked-sysv
faked-tcp
fakeroot
fakeroot-sysv
fakeroot-tcp
fallocate
false
fbstat
fbsvcmgr
fc-cache
fc-cat
fc-conflist
fc-list
fc-match
fc-pattern
fc-query
fc-scan
fc-validate
feynmf
fgconsole
fgrep
fiascotopnm
fig4latex
file
file2brl
find
findhyph
findmnt
findrule
firefox
fitstopnm
fixdlsrps
fixfmps
fixpsditps
fixpspps
fixscribeps
fixtpps
fixwfwps
fixwpps
fixwwps
flock
fmt
fmtutil
fmtutil-sys
fmtutil-user
fold
fontinst
fonttosfnt
foo2ddst
foo2ddst-wrapper
foo2hbpl2
foo2hbpl2-wrapper
foo2hiperc
foo2hiperc-wrapper
foo2hp
foo2hp2600-wrapper
foo2lava
foo2lava-wrapper
foo2oak
foo2oak-wrapper
foo2qpdl
foo2qpdl-wrapper
foo2slx
foo2slx-wrapper
foo2xqx
foo2xqx-wrapper
foo2zjs
foo2zjs-icc2ps
foo2zjs-pstops
foo2zjs-wrapper
foomatic-rip
fprintd-delete
fprintd-enroll
fprintd-list
fprintd-verify
fragmaster
free
fstopgm
ftp
funzip
fuser
fusermount
fusermount3
fwupdmgr
fwupdtool
g++
g++-13
g3topbm
gamemoded
gamma4scanimage
gapplication
gatttool
gbak
gbklatex
gbkpdflatex
gcalccmd
gcc
gcc-13
gcc-ar
gcc-ar-13
gcc-nm
gcc-nm-13
gcc-ranlib
gcc-ranlib-13
gcore
gcov
gcov-13
gcov-dump
gcov-dump-13
gcov-tool
gcov-tool-13
gcr-viewer
gcr-viewer-gtk4
gdb
gdb-add-index
gdbtui
gdbus
gdk-pixbuf-csource
gdk-pixbuf-pixdata
gdk-pixbuf-thumbnailer
gdm-config
gdmflexiserver
gdm-screenshot
gem
gem3.2
gemtopbm
gemtopnm
gencat
geqn
GET
getafm
getconf
getent
getfacl
getkeycodes
getmapdl
getopt
gettext
gettext.sh
gfix
gftodvi
gftopk
gftype
ghostscript
giftopnm
ginstall-info
gio
gio-querymodules
gipddecode
git
git-latexdiff
git-receive-pack
git-shell
git-upload-archive
git-upload-pack
gjs
gjs-console
gkbd-keyboard-display
glib-compile-schemas
gmake
gnome-calculator
gnome-characters
gnome-clocks
gnome-control-center
gnome-disk-image-mounter
gnome-disks
gnome-extensions
gnome-font-viewer
gnome-help
gnome-keyring
gnome-keyring-3
gnome-keyring-daemon
gnome-language-selector
gnome-logs
gnome-power-statistics
gnome-session
gnome-session-inhibit
gnome-session-properties
gnome-session-quit
gnome-shell
gnome-shell-extension-tool
gnome-shell-test-tool
gnome-system-monitor
gnome-terminal
gnome-terminal.real
gnome-terminal.wrapper
gnome-text-editor
gnome-thumbnail-font
gnome-www-browser
gold
gouldtoppm
gp-archive
gpasswd
gp-collect-app
gp-display-html
gp-display-src
gp-display-text
gpg
gpg-agent
gpgconf
gpg-connect-agent
gpgparsemail
gpgsm
gpgsplit
gpgtar
gpgv
gpg-wks-client
gpic
gpre
gprof
gprofng
gpu-manager
grdctl
gregorio
grep
gresource
groff
grog
grops
grotty
groups
growpart
grub-editenv
grub-file
grub-fstest
grub-glue-efi
grub-kbdcomp
grub-menulst2cfg
grub-mkfont
grub-mkimage
grub-mklayout
grub-mknetdir
grub-mkpasswd-pbkdf2
grub-mkrelpath
grub-mkrescue
grub-mkstandalone
grub-mount
grub-render-label
grub-script-check
grub-syslinux2cfg
gs
gsbj
gsdj
gsdj500
gsec
gsettings
gsftopk
gslj
gslp
gsnd
gst-device-monitor-1.0
gst-discoverer-1.0
gst-inspect-1.0
gst-launch-1.0
gst-play-1.0
gstreamer-codec-install
gst-stats-1.0
gst-tester-1.0
gst-typefind-1.0
gtbl
gted
gtf
gtk4-broadwayd
gtk4-builder-tool
gtk4-encode-symbolic-svg
gtk4-launch
gtk4-path-tool
gtk4-query-settings
gtk4-rendernode-tool
gtk4-update-icon-cache
gtk-builder-tool
gtk-encode-symbolic-svg
gtk-launch
gtk-query-settings
gtk-update-icon-cache
gunzip
gzexe
gzip
h2ph
h2xs
hardlink
hbf2gf
hbpldecode
hciattach
hciconfig
hcitool
hd
hdifftopam
head
HEAD
heif-thumbnailer
helpztags
hex2hcd
hexdump
hilatex
hipercdecode
hipstopgm
hishrink
histretch
hitex
host
hostid
hostname
hostnamectl
hp-align
hpcdtoppm
hp-check
hp-clean
hp-colorcal
hp-config_usb_printer
hp-doctor
hp-firmware
hp-info
hp-levels
hp-logcapture
hp-makeuri
hp-pkservice
hp-plugin
hp-plugin-ubuntu
hp-probe
hp-query
hp-scan
hp-setup
hp-testpage
hp-timedate
ht
htcopy
htlatex
htmex
htmove
httex
httexi
htxelatex
htxetex
hwe-support-status
i386
ibus
ibus-daemon
ibus-setup
ibus-table-createdb
iceauth
ico
icontopbm
iconv
id
identify
identify-im6
identify-im6.q16
iecset
ijs_pxljr
ilbmtoppm
imagetops
im-config
imgtoppm
im-launch
import
import-im6
import-im6.q16
includeres
inetutils-telnet
info
infobrowser
infocmp
infotocap
infotopam
inimf
initex
inputattach
install
installfont-tl
install-info
instmodsh
intel-virtual-output
ionice
iostat
ip
ipcmk
ipcrm
ipcs
ippfind
ipptool
iptables-xml
irb
irb3.2
ischroot
isdv4-serial-debugger
isdv4-serial-inputattach
ispell-wrapper
isql-fb
jadetex
jamo-normalize
java
jbigtopnm
jexec
jfmutil
join
journalctl
jpackage
jpeg2ktopam
jpegexiforient
jpegtopnm
jpegtran
jpgicc
jq
jsondiff
jsonpatch
json-patch-jsondiff
jsonpointer
json_pp
jsonschema
json_xs
JxrDecApp
JxrEncApp
kanji-config-updmap
kanji-config-updmap-sys
kanji-config-updmap-user
kanji-fontmap-creator
kbdinfo
kbd_mode
kbxutil
kernel-install
kerneloops-submit
ketcindy
keytool
kill
killall
kmod
kmodsign
koi8rxterm
komkindex
kpseaccess
kpsepath
kpsereadlink
kpsestat
kpsetool
kpsewhere
kpsewhich
kpsexpand
l2ping
l2test
l3build
l4p-tmpl
lacheck
laptop-detect
last
lastb
lastlog
latex
latex2man
latex2nemeth
latexdef
latex-dev
latexdiff
latexdiff-cvs
latexdiff-fast
latexdiff-git
latexdiff-hg
latexdiff-rcs
latexdiff-svn
latexdiff-vc
latexfileversion
latex-git-log
latexindent
latexmk
latexpand
latex-papersize
latexrevise
latex-wordcount
lavadecode
lcf
ld
ldapadd
ldapcompare
ldapdelete
ldapexop
ldapmodify
ldapmodrdn
ldappasswd
ldapsearch
ldapurl
ldapwhoami
ld.bfd
ldd
ld.gold
ld.so
leaftoppm
less
lessecho
lessfile
lesskey
lesspipe
lexgrog
libnetcfg
libreoffice
lily-glyph-commands
lily-image-commands
lily-rebuild-pdfs
link
linkicc
linux32
linux64
linux-boot-prober
linux-check-removal
linux-update-symlinks
linux-version
lispmtopgm
listbib
listings-ext
listres
lldb
lldb-18
lldb-argdumper
lldb-argdumper-18
lldb-dap-18
lldb-instr-18
lldb-server
lldb-server-18
llmk
ln
lnstat
loadkeys
loadunimap
lobase
localc
locale
locale-check
localectl
localedef
lodraw
loffice
lofromtemplate
logger
login
loginctl
logname
loimpress
lollipop
lomath
look
loweb
lowntfs-3g
lowriter
lp
lpoptions
lpq
lpr
lprm
lp_solve
lpstat
ls
lsattr
lsblk
lsb_release
lscpu
lshw
lsinitramfs
lsipc
lslocks
lslogins
lsmem
lsmod
lsns
lsof
lspci
lspgpot
lspower
lsusb
lto-dump
lto-dump-13
ltx2crossrefxml
ltx2unitxt
ltxfileinfo
ltximg
luahbtex
lualatex
lualatex-dev
luametatex
luaotfload-tool
luatex
lwarpmk
lwp-download
lwp-dump
lwp-mirror
lwp-request
lxterm
lzcat
lzcmp
lzdiff
lzegrep
lzfgrep
lzgrep
lzless
lzma
lzmainfo
lzmore
m17n-db
m2300w
m2300w-wrapper
m2400w
macptopbm
mag
make
make4ht
makedtx
make-first-existing-target
makeglossaries
makeglossaries-lite
makeindex
makeinfo
makejvf
man
mandb
manpath
man-recode
mapscrn
markdown-it
match_parens
mathspic
mawk
mbimcli
mbim-network
mcookie
md5sum
md5sum.textutils
mdatopbm
mdig
memhog
memusage
memusagestat
mendex
mesa-overlay-control.py
mesg
mex
mf
mf2pt1
mflua
mflua-nowin
mf-nowin
mfplain
mft
mgrtopbm
migratepages
migrate-pubring-from-classic-gpg
migspeed
mimeopen
mimetype
min12xxw
mk4ht
mkdir
mkfifo
mkfontdir
mkfontscale
mkgrkindex
mkindex
mkjobtexmf
mk_modmap
mknod
mkocp
mkofm
mkpic
mksquashfs
mkt1font
mktemp
mktexfmt
mktexlsr
mktexmf
mktexpk
mktextfm
mllatex
mltex
mmafm
mmcli
mmpfb
mogrify
mogrify-im6
mogrify-im6.q16
mokutil
monitor-sensor
montage
montage-im6
montage-im6.q16
more
mount
mountpoint
mousetweaks
mpost
mpris-proxy
mpstat
mptopdf
mrftopbm
mscompress
msexpand
ms_print
msxlint
mt
mt-gnu
mtr
mtrace
mtr-packet
mtvtoppm
m-tx
mtxrun
mtxrun.lua
multibibliography
muraster
musixflx
musixtex
mutool
mv
namei
nano
nautilus
nautilus-autorun-software
nautilus-sendto
nawk
nbackup
nc
nc.openbsd
ncurses6-config
ncursesw6-config
neotoppm
neqn
netaddr
netcat
netstat
networkctl
networkd-dispatcher
newgrp
ngettext
nice
nisdomainname
nl
nm
nm-applet
nmcli
nm-connection-editor
nm-online
nmtui
nmtui-connect
nmtui-edit
nmtui-hostname
nohup
notify-send
nproc
nroff
nsenter
nslookup
nstat
nsupdate
ntfs-3g
ntfs-3g.probe
ntfscat
ntfscluster
ntfscmp
ntfsdecrypt
ntfsfallocate
ntfsfix
ntfsinfo
ntfsls
ntfsmove
ntfsrecover
ntfssecaudit
ntfstruncate
ntfsusermap
ntfswipe
numactl
numastat
numfmt
nvidia-detector
oakdecode
obexctl
objcopy
objdump
oclock
od
odvicopy
odvitype
oem-getlogs
ofm2opl
omfonts
on_ac_power
oomctl
open
openjade
openjade-1.4devel
openssl
openvt
opl2ofm
opldecode
optex
orca
orca-dm-wrapper
os-prober
ot2kpx
otangle
otfinfo
otftotfm
otp2ocp
outocp
ovf2ovp
ovp2ovf
p11-kit
pager
palmtopnm
pamaddnoise
pamaltsat
pamarith
pambackground
pambayer
pambrighten
pamcat
pamchannel
pamcomp
pamcrater
pamcut
pamdeinterlace
pamdepth
pamdice
pamditherbw
pamedge
pamendian
pamenlarge
pamexec
pamfile
pamfind
pamfix
pamfixtrunc
pamflip
pamfunc
pamgauss
pamgetcolor
pamgradient
pamhomography
pamhue
pamlevels
pamlookup
pammasksharpen
pammixinterlace
pammixmulti
pammosaicknit
pamoil
pampaintspill
pamperspective
pamphletangler
pampick
pampop9
pamrecolor
pamrestack
pamrgbatopng
pamrubber
pamscale
pamseq
pamshadedrelief
pamsharpmap
pamsharpness
pamshuffle
pamsistoaglyph
pamslice
pamsplit
pamstack
pamstereogram
pamstretch
pamstretch-gen
pamsumm
pamsummcol
pamtable
pamthreshold
pamtilt
pamtoavs
pamtodjvurle
pamtofits
pamtogif
pamtohdiff
pamtohtmltbl
pamtojpeg2k
pamtompfont
pamtooctaveimg
pamtopam
pamtopdbimg
pamtopfm
pamtopng
pamtopnm
pamtoqoi
pamtosrf
pamtosvg
pamtotga
pamtotiff
pamtouil
pamtowinicon
pamtoxvmini
pamtris
pamundice
pamunlookup
pamvalidate
pamwipeout
pamx
paperconf
partx
passwd
paste
patch
patgen
pathchk
pbibtex
pbmclean
pbmlife
pbmmake
pbmmask
pbmminkowski
pbmnoise
pbmpage
pbmpscale
pbmreduce
pbmtext
pbmtextps
pbmto10x
pbmto4425
pbmtoascii
pbmtoatk
pbmtobbnbg
pbmtocis
pbmtocmuwm
pbmtodjvurle
pbmtoepsi
pbmtoepson
pbmtoescp2
pbmtog3
pbmtogem
pbmtogo
pbmtoibm23xx
pbmtoicon
pbmtolj
pbmtoln03
pbmtolps
pbmtomacp
pbmtomatrixorbital
pbmtomda
pbmtomgr
pbmtomrf
pbmtonokia
pbmtopgm
pbmtopi3
pbmtopk
pbmtoplot
pbmtoppa
pbmtopsg3
pbmtoptx
pbmtosunicon
pbmtowbmp
pbmtox10bm
pbmtoxbm
pbmtoybm
pbmtozinc
pbmupc
pc1toppm
pcdindex
pcdovtoppm
pcxtoppm
pdb3
pdb3.12
pdbimgtopam
pdf2dsc
pdf2ps
pdfannotextractor
pdfatfi
pdfattach
pdfbook2
pdfclose
pdfcrop
pdfcsplain
pdfdetach
pdfetex
pdffonts
pdfimages
pdfinfo
pdfjadetex
pdfjam
pdflatex
pdflatex-dev
pdflatexpicscale
pdfmex
pdfopen
pdfseparate
pdfsig
pdftex
pdftexi2dvi
pdftex-quiet
pdftocairo
pdftohtml
pdftoppm
pdftops
pdftosrc
pdftotext
pdftrimwhite
pdfunite
pdfxmltex
pdfxup
pdvitomp
pdvitype
pedigree
peekfd
perf
perl
perl5.38.2
perl5.38-x86_64-linux-gnu
perlbug
perldoc
perli11ndoc
perlivp
perltex
perlthanks
pf2afm
pfarrei
pfb2pfa
pfb2t1c
pfbtopfa
pfmtopam
pgmabel
pgmbentley
pgmcrater
pgmdeshadow
pgmedge
pgmenhance
pgmhist
pgmkernel
pgmmake
pgmmedian
pgmminkowski
pgmmorphconv
pgmnoise
pgmnorm
pgmoil
pgmramp
pgmslice
pgmtexture
pgmtofs
pgmtolispm
pgmtopbm
pgmtopgm
pgmtoppm
pgmtosbig
pgmtost4
pgrep
pi1toppm
pi3topbm
pic
pico
piconv
pidof
pidstat
pidwait
pinentry
pinentry-curses
pinentry-gnome3
pinentry-x11
ping
ping4
ping6
pinky
pip
pip3
pip3.12
pipewire
pipewire-aes67
pipewire-avb
pipewire-pulse
pjtoppm
pk2bm
pkaction
pkcheck
pkcon
pkexec
pkfix
pkfix-helper
pkill
pkmon
pktogf
pktopbm
pkttyagent
pktype
pl2pm
platex
platex-dev
pldd
plog
pltotf
plymouth
pmap
pmpost
pmxab
pmxchords
pn2pdf
pngtopam
pngtopnm
pnm2ppa
pnmalias
pnmarith
pnmcat
pnmcolormap
pnmcomp
pnmconvol
pnmcrop
pnmcut
pnmdepth
pnmenlarge
pnmfile
pnmflip
pnmgamma
pnmhisteq
pnmhistmap
pnmindex
pnminterp
pnminterp-gen
pnminvert
pnmmargin
pnmmercator
pnmmontage
pnmnlfilt
pnmnoraw
pnmnorm
pnmpad
pnmpaste
pnmpsnr
pnmquant
pnmquantall
pnmremap
pnmrotate
pnmscale
pnmscalefixed
pnmshear
pnmsmooth
pnmsplit
pnmstitch
pnmtile
pnmtoddif
pnmtofiasco
pnmtofits
pnmtojbig
pnmtojpeg
pnmtopalm
pnmtopclxl
pnmtoplainpnm
pnmtopng
pnmtopnm
pnmtops
pnmtorast
pnmtorle
pnmtosgi
pnmtosir
pnmtotiff
pnmtotiffcmyk
pnmtoxwd
pod2html
pod2man
pod2texi
pod2text
pod2usage
podchecker
poff
pon
pooltype
POST
powerprofilesctl
ppdc
ppdhtml
ppdi
ppdmerge
ppdpo
pphs
ppltotf
ppm3d
ppmbrighten
ppmchange
ppmcie
ppmcolormask
ppmcolors
ppmdcfont
ppmddumpfont
ppmdim
ppmdist
ppmdither
ppmdmkfont
ppmdraw
ppmfade
ppmflash
ppmforge
ppmglobe
ppmhist
ppmlabel
ppmmake
ppmmix
ppmnorm
ppmntsc
ppmpat
ppmquant
ppmquantall
ppmrainbow
ppmrelief
ppmrough
ppmshadow
ppmshift
ppmspread
ppmtoacad
ppmtoapplevol
ppmtoarbtxt
ppmtoascii
ppmtobmp
ppmtoeyuv
ppmtogif
ppmtoicr
ppmtoilbm
ppmtojpeg
ppmtoleaf
ppmtolj
ppmtomap
ppmtomitsu
ppmtompeg
ppmtoneo
ppmtopcx
ppmtopgm
ppmtopi1
ppmtopict
ppmtopj
ppmtopjxl
ppmtoppm
ppmtopuzz
ppmtorgb3
ppmtosixel
ppmtospu
ppmtoterm
ppmtotga
ppmtouil
ppmtowinicon
ppmtoxpm
ppmtoyuv
ppmtoyuvsplit
ppmtv
ppmwheel
pr
precat
preconv
prepmx
prerex
preunzip
prezip
prezip-bin
printafm
printenv
printer-profile
printf
prlimit
pro
prove
prtstat
ps
ps2ascii
ps2eps
ps2epsi
ps2frag
ps2pdf
ps2pdf12
ps2pdf13
ps2pdf14
ps2pdfwr
ps2pk
ps2ps
ps2ps2
ps2txt
ps4pdf
psbook
psfaddtable
psfgettable
psfstriptable
psfxtable
psicc
psidtopgm
psjoin
pslatex
pslog
psmerge
psnup
psresize
psselect
pst2pdf
pstoedit
pstopnm
pstops
pstree
pstree.x11
ptar
ptardiff
ptargrep
ptex
ptex2pdf
ptftopl
ptx
purifyeps
pw-cat
pw-cli
pw-config
pwd
pw-dot
pw-dsdplay
pw-dump
pwdx
pw-encplay
pw-link
pw-loopback
pw-metadata
pw-mididump
pw-midiplay
pw-midirecord
pw-mon
pw-play
pw-profiler
pw-record
pw-reserve
pw-top
py3clean
py3compile
py3versions
pybabel
pybabel-python3
pydoc3
pydoc3.12
pygettext3
pygettext3.12
pygmentex
pygmentize
pyserial-miniterm
pyserial-ports
python3
python3.12
python3.12-config
python3-config
pythontex
pzstd
qmicli
qmi-firmware-update
qmi-network
qoitopam
qpdldecode
qrttoppm
quirks-handler
racc3.2
rake
rake3.2
ranlib
rasttopnm
rawtopgm
rawtoppm
rbash
rbs3.2
rctest
rdbg3.2
rdjpgcom
rdma
rdoc
rdoc3.2
readelf
readlink
realpath
red
rename.ul
rendercheck
renice
repstopdf
reset
resize
resizecons
resizepart
resolvectl
rev
rfcomm
rgb3toppm
rgrep
ri
ri3.2
rlatopam
rletopnm
rm
rmdir
rmiregistry
r-mpost
rnano
routel
rpcgen
rpdfcrop
r-pmpost
rrsync
rstart
rstartd
rsync
rsync-ssl
rtla
rtstat
rubibtex
rubikrotation
ruby
ruby3.2
rumakeindex
runcon
run-parts
runtexshebang
run-with-aspell
r-upmpost
rview
rvim
rygel
sadf
sane-find-scanner
sar
sar.sysstat
savelog
sbattach
sbigtopgm
sbkeysync
sbsiglist
sbsign
sbvarsign
sbverify
scalar
scanimage
scor2prt
scp
scp-dbus-service
screen
screendump
script
scriptlive
scriptreplay
sdiff
sdptool
seahorse
sed
select-default-iwrap
select-editor
sensible-browser
sensible-editor
sensible-pager
sensible-terminal
seq
session-migration
sessreg
setarch
setfacl
setfont
setkeycodes
setleds
setlogcons
setmetamode
setpci
setpriv
setsid
setterm
setupcon
setxkbmap
sfconv
sftp
sg
sgitopnm
sh
sha1sum
sha224sum
sha256sum
sha384sum
sha512sum
shasum
showchar
showconsolefont
showkey
showrgb
shred
shuf
simpdftex
sirtopnm
size
sjisconv
sjislatex
sjispdflatex
skill
slabtop
sldtoppm
sleep
slogin
slxdecode
smproxy
snap
snapctl
snapfuse
snice
soelim
soffice
software-properties-gtk
sort
sotruss
spa-acp-tool
spa-inspect
spa-json-dump
spa-monitor
spa-resample
spctoppm
spd-conf
spd-say
spdsend
speaker-test
speech-dispatcher
spice-vdagent
spix
splain
split
splitfont
splitindex
spottopgm
sprof
sputoppm
sqfscat
sqfstar
srcredact
srftopam
ss
ssh
ssh-add
ssh-agent
ssh-argv0
ssh-copy-id
ssh-keygen
ssh-keyscan
sss_ssh_authorizedkeys
sss_ssh_knownhostsproxy
st4topgm
startx
stat
static-sh
stdbuf
strace
strace-log-merge
stream
stream-im6
stream-im6.q16
streamzip
strings
strip
stty
sty2dtx
su
sudo
sudoedit
sudoreplay
sum
sunicontopnm
svgtopam
svn-multi
switcherooctl
sync
synctex
syntax_suggest3.2
systemctl
systemd
systemd-ac-power
systemd-analyze
systemd-ask-password
systemd-cat
systemd-cgls
systemd-cgtop
systemd-confext
systemd-creds
systemd-cryptenroll
systemd-cryptsetup
systemd-delta
systemd-detect-virt
systemd-escape
systemd-firstboot
systemd-hwdb
systemd-id128
systemd-inhibit
systemd-machine-id-setup
systemd-mount
systemd-notify
systemd-path
systemd-repart
systemd-run
systemd-socket-activate
systemd-stdio-bridge
systemd-sysext
systemd-sysusers
systemd-tmpfiles
systemd-tty-ask-password-agent
systemd-umount
t1ascii
t1asm
t1binary
t1c2pfb
t1disasm
t1dotlessj
t1lint
t1mac
t1rawafm
t1reencode
t1testpage
t1unmac
t4ht
tabs
tac
tail
tangle
tapestat
tar
taskset
tbl
tclsh
tclsh8.6
tcpdump
teckit_compile
tecla
tee
telnet
tempfile
test
tex
tex2aspc
tex4ebook
tex4ht
texconfig
texconfig-dialog
texconfig-sys
texcount
texdef
texdiff
texdirflatten
texdoc
texdoctk
texfind
texfindpkg
texfont
texfot
texhash
texi2any
texi2dvi
texi2pdf
texindex
texlinks
texliveonfly
texloganalyser
texlogfilter
texlogsieve
texlua
texluac
texosquery
texosquery-jre5
texosquery-jre8
texplate
texsis
tftopl
tgatoppm
thinkjettopbm
thumbpdf
tic
tie
tifftopnm
tificc
tikztosvg
time
timedatectl
timeout
tjbench
tlmgr
tload
tl-paper
tnftp
toe
top
touch
tpic2pdftex
tput
tr
trace-cmd
tracepath
tracker3
tracker3-daemon
tracker3-endpoint
tracker3-export
tracker3-extract
tracker3-help
tracker3-import
tracker3-index
tracker3-info
tracker3-reset
tracker3-search
tracker3-sparql
tracker3-sql
tracker3-status
tracker3-tag
transicc
translit
transset
troff
true
truncate
trust
tset
tsort
ttf2afm
ttf2kotexfont
ttf2pk
ttf2tfm
ttfdump
ttftotype42
tty
turbostat
twill
txixml2texi
txtconv
typeoutfileinfo
typeprof3.2
tzselect
ua
ubuntu-advantage
ubuntu-bug
ubuntu-distro-info
ubuntu-drivers
ubuntu-report
ubuntu-security-status
ucf
ucfq
ucfr
uclampset
ucs2any
udevadm
udisksctl
ul
ulqda
umax_pp
umount
uname
unattended-upgrade
unattended-upgrades
uncompress
unexpand
unicode_start
unicode_stop
uniq
unity-scope-loader
unlink
unlzma
unmkinitramfs
unopkg
unshare
unsquashfs
unxz
unzip
unzipsfx
unzstd
upbibtex
update-alternatives
update-desktop-database
update-manager
update-mime-database
update-notifier
update-perl-sax-parsers
update_rubygems
updmap
updmap-sys
updmap-user
updvitomp
updvitype
uplatex
uplatex-dev
upmendex
upmpost
upower
uppltotf
uptex
uptftopl
uptime
urlbst
usb-devices
usbhid-dump
usbip
usbipd
usb_printerid
usbreset
users
utf8mex
utmpdump
uuidgen
uuidparse
uxterm
valgrind
valgrind.bin
valgrind-di-server
valgrind-listener
varlinkctl
vboxballoonctrl
VBoxBalloonCtrl
vboxheadless
VBoxHeadless
vbox-img
vboximg-mount
vboxmanage
VBoxManage
vboxsdl
VBoxSDL
vboxwebsrv
vcs-run
vdir
vftovp
vgdb
vi
view
viewres
vim
vim.basic
vimdiff
vim.tiny
vimtutor
virtualbox
VirtualBox
virtualboxvm
VirtualBoxVM
vlna
vmstat
vmwarectrl
vpe
vpl2ovp
vpl2vpl
vprerex
vptovf
vstp
w
wall
watch
watchgnupg
wbmptopbm
wc
wdctl
weave
webquiz
wget
whatis
whereis
which
which.debianutils
whiptail
who
whoami
whoopsie
whoopsie-preferences
winicontopam
winicontoppm
wireplumber
wish
wish8.6
wmdocker
wofm2opl
wopl2ofm
word-list-compress
wovf2ovp
wovp2ovf
wpa_passphrase
wpctl
wpexec
write
wrjpgcom
X
X11
x11perf
x11perfcomp
x86_64
x86_64-linux-gnu-addr2line
x86_64-linux-gnu-ar
x86_64-linux-gnu-as
x86_64-linux-gnu-c++filt
x86_64-linux-gnu-cpp
x86_64-linux-gnu-cpp-13
x86_64-linux-gnu-dwp
x86_64-linux-gnu-elfedit
x86_64-linux-gnu-g++
x86_64-linux-gnu-g++-13
x86_64-linux-gnu-gcc
x86_64-linux-gnu-gcc-13
x86_64-linux-gnu-gcc-ar
x86_64-linux-gnu-gcc-ar-13
x86_64-linux-gnu-gcc-nm
x86_64-linux-gnu-gcc-nm-13
x86_64-linux-gnu-gcc-ranlib
x86_64-linux-gnu-gcc-ranlib-13
x86_64-linux-gnu-gcov
x86_64-linux-gnu-gcov-13
x86_64-linux-gnu-gcov-dump
x86_64-linux-gnu-gcov-dump-13
x86_64-linux-gnu-gcov-tool
x86_64-linux-gnu-gcov-tool-13
x86_64-linux-gnu-gold
x86_64-linux-gnu-gp-archive
x86_64-linux-gnu-gp-collect-app
x86_64-linux-gnu-gp-display-html
x86_64-linux-gnu-gp-display-src
x86_64-linux-gnu-gp-display-text
x86_64-linux-gnu-gprof
x86_64-linux-gnu-gprofng
x86_64-linux-gnu-ld
x86_64-linux-gnu-ld.bfd
x86_64-linux-gnu-ld.gold
x86_64-linux-gnu-lto-dump
x86_64-linux-gnu-lto-dump-13
x86_64-linux-gnu-nm
x86_64-linux-gnu-objcopy
x86_64-linux-gnu-objdump
x86_64-linux-gnu-python3.12-config
x86_64-linux-gnu-python3-config
x86_64-linux-gnu-ranlib
x86_64-linux-gnu-readelf
x86_64-linux-gnu-size
x86_64-linux-gnu-strings
x86_64-linux-gnu-strip
x86_energy_perf_policy
xargs
xauth
xbiff
xbmtopbm
xbrlapi
xcalc
xclipboard
xclock
xcmsdb
xconsole
xcursorgen
xcutsel
xdg-dbus-proxy
xdg-desktop-icon
xdg-desktop-menu
xdg-email
xdg-icon-resource
xdg-mime
xdg-open
xdg-screensaver
xdg-settings
xdg-user-dir
xdg-user-dirs-gtk-update
xdg-user-dirs-update
xditview
xdpyinfo
xdriinfo
xdvi
xdvi.bin
xdvipdfmx
xdvi-xaw
xedit
xelatex
xelatex-dev
Xephyr
xetex
xev
xeyes
xfd
xfontsel
xgamma
xgc
xhlatex
xhost
ximtoppm
xindex
xinit
xinput
xkbbell
xkbcomp
xkbevd
xkbprint
xkbvleds
xkbwatch
xkeystone
xkill
xload
xlogo
xlsatoms
xlsclients
xlsfonts
xmag
xman
xmessage
xml2pmx
xmltex
xmodmap
xmore
Xorg
xpmtoppm
xprop
xqxdecode
xrandr
xrdb
xrefresh
xscreensaver
xscreensaver-command
xscreensaver-demo
xscreensaver-settings
x-session-manager
xset
xsetmode
xsetpointer
xsetroot
xsetwacom
xsm
xstdcmap
xsubpp
xterm
x-terminal-emulator
xvidtune
xvinfo
xvminitoppm
Xwayland
xwd
xwdtopnm
xwininfo
xwud
x-www-browser
xxd
xz
xzcat
xzcmp
xzdiff
xzegrep
xzfgrep
xzgrep
xzless
xzmore
ybmtopbm
yelp
yes
ypdomainname
yplan
yuvsplittoppm
yuvtoppm
yuy2topam
zcat
zcmp
zdiff
zdump
zegrep
zeisstopnm
zenity
zfgrep
zforce
zgrep
zip
zipcloak
zipdetails
zipgrep
zipinfo
zipnote
zipsplit
zjsdecode
zless
zmore
znew
zstd
zstdcat
zstdgrep
zstdless
zstdmt
